<?xml version="1.0" encoding="UTF-8" ?>
<testsuite failures="0" time="1.129" errors="0" skipped="0" tests="1" name="org.jboss.as.selfmonitor.SubsystemBaseParsingTestCase">
  <properties>
    <property name="java.runtime.name" value="OpenJDK Runtime Environment"/>
    <property name="sun.boot.library.path" value="/usr/lib/jvm/java-7-openjdk-amd64/jre/lib/amd64"/>
    <property name="java.vm.version" value="24.65-b04"/>
    <property name="java.vm.vendor" value="Oracle Corporation"/>
    <property name="java.vendor.url" value="http://java.oracle.com/"/>
    <property name="path.separator" value=":"/>
    <property name="java.vm.name" value="OpenJDK 64-Bit Server VM"/>
    <property name="file.encoding.pkg" value="sun.io"/>
    <property name="user.country" value="US"/>
    <property name="sun.java.launcher" value="SUN_STANDARD"/>
    <property name="sun.os.patch.level" value="unknown"/>
    <property name="java.vm.specification.name" value="Java Virtual Machine Specification"/>
    <property name="user.dir" value="/data/fi/dp/self-monitor/code/wildfly-self-monitor/selfmonitor"/>
    <property name="java.runtime.version" value="1.7.0_65-b32"/>
    <property name="java.awt.graphicsenv" value="sun.awt.X11GraphicsEnvironment"/>
    <property name="basedir" value="/data/fi/dp/self-monitor/code/wildfly-self-monitor/selfmonitor"/>
    <property name="java.endorsed.dirs" value="/usr/lib/jvm/java-7-openjdk-amd64/jre/lib/endorsed"/>
    <property name="os.arch" value="amd64"/>
    <property name="surefire.real.class.path" value="/data/fi/dp/self-monitor/code/wildfly-self-monitor/selfmonitor/target/surefire/surefirebooter8684551090107163599.jar"/>
    <property name="java.io.tmpdir" value="/tmp"/>
    <property name="line.separator" value="
"/>
    <property name="java.vm.specification.vendor" value="Oracle Corporation"/>
    <property name="os.name" value="Linux"/>
    <property name="sun.jnu.encoding" value="UTF-8"/>
    <property name="java.library.path" value="/usr/java/packages/lib/amd64:/usr/lib/x86_64-linux-gnu/jni:/lib/x86_64-linux-gnu:/usr/lib/x86_64-linux-gnu:/usr/lib/jni:/lib:/usr/lib"/>
    <property name="surefire.test.class.path" value="/data/fi/dp/self-monitor/code/wildfly-self-monitor/selfmonitor/target/test-classes:/data/fi/dp/self-monitor/code/wildfly-self-monitor/selfmonitor/target/classes:/home/vojtech/.m2/repository/org/wildfly/wildfly-controller/8.1.0.Final/wildfly-controller-8.1.0.Final.jar:/home/vojtech/.m2/repository/org/jboss/jboss-dmr/1.2.0.Final/jboss-dmr-1.2.0.Final.jar:/home/vojtech/.m2/repository/org/wildfly/security/wildfly-security-manager/1.0.0.Final/wildfly-security-manager-1.0.0.Final.jar:/home/vojtech/.m2/repository/org/wildfly/wildfly-core-security/8.1.0.Final/wildfly-core-security-8.1.0.Final.jar:/home/vojtech/.m2/repository/org/wildfly/wildfly-core-security-api/8.1.0.Final/wildfly-core-security-api-8.1.0.Final.jar:/home/vojtech/.m2/repository/org/jboss/modules/jboss-modules/1.3.3.Final/jboss-modules-1.3.3.Final.jar:/home/vojtech/.m2/repository/org/jboss/logmanager/jboss-logmanager/1.5.2.Final/jboss-logmanager-1.5.2.Final.jar:/home/vojtech/.m2/repository/org/jboss/staxmapper/1.1.0.Final/staxmapper-1.1.0.Final.jar:/home/vojtech/.m2/repository/org/wildfly/wildfly-build-config/8.1.0.Final/wildfly-build-config-8.1.0.Final.jar:/home/vojtech/.m2/repository/org/wildfly/wildfly-server/8.1.0.Final/wildfly-server-8.1.0.Final.jar:/home/vojtech/.m2/repository/org/wildfly/wildfly-domain-http-interface/8.1.0.Final/wildfly-domain-http-interface-8.1.0.Final.jar:/home/vojtech/.m2/repository/org/wildfly/wildfly-domain-management/8.1.0.Final/wildfly-domain-management-8.1.0.Final.jar:/home/vojtech/.m2/repository/org/wildfly/wildfly-deployment-repository/8.1.0.Final/wildfly-deployment-repository-8.1.0.Final.jar:/home/vojtech/.m2/repository/org/wildfly/wildfly-patching/8.1.0.Final/wildfly-patching-8.1.0.Final.jar:/home/vojtech/.m2/repository/org/wildfly/wildfly-cli/8.1.0.Final/wildfly-cli-8.1.0.Final.jar:/home/vojtech/.m2/repository/org/jboss/aesh/aesh/0.33.11/aesh-0.33.11.jar:/home/vojtech/.m2/repository/org/fusesource/jansi/jansi/1.9/jansi-1.9.jar:/home/vojtech/.m2/repository/org/jboss/remotingjmx/remoting-jmx/2.0.0.Final/remoting-jmx-2.0.0.Final.jar:/usr/lib/jvm/java-7-openjdk-amd64/jre/../lib/jconsole.jar:/home/vojtech/.m2/repository/org/wildfly/wildfly-platform-mbean/8.1.0.Final/wildfly-platform-mbean-8.1.0.Final.jar:/home/vojtech/.m2/repository/org/wildfly/wildfly-process-controller/8.1.0.Final/wildfly-process-controller-8.1.0.Final.jar:/home/vojtech/.m2/repository/org/wildfly/wildfly-remoting/8.1.0.Final/wildfly-remoting-8.1.0.Final.jar:/home/vojtech/.m2/repository/org/wildfly/wildfly-io/8.1.0.Final/wildfly-io-8.1.0.Final.jar:/home/vojtech/.m2/repository/org/jboss/xnio/xnio-api/3.2.2.Final/xnio-api-3.2.2.Final.jar:/home/vojtech/.m2/repository/org/wildfly/wildfly-network/8.1.0.Final/wildfly-network-8.1.0.Final.jar:/home/vojtech/.m2/repository/org/wildfly/wildfly-version/8.1.0.Final/wildfly-version-8.1.0.Final.jar:/home/vojtech/.m2/repository/org/jboss/jandex/1.1.0.Final/jandex-1.1.0.Final.jar:/home/vojtech/.m2/repository/org/jboss/invocation/jboss-invocation/1.2.1.Final/jboss-invocation-1.2.1.Final.jar:/home/vojtech/.m2/repository/org/jboss/logging/jboss-logging/3.1.4.GA/jboss-logging-3.1.4.GA.jar:/home/vojtech/.m2/repository/org/jboss/marshalling/jboss-marshalling/1.4.6.Final/jboss-marshalling-1.4.6.Final.jar:/home/vojtech/.m2/repository/org/jboss/remoting/jboss-remoting/4.0.3.Final/jboss-remoting-4.0.3.Final.jar:/home/vojtech/.m2/repository/org/jboss/sasl/jboss-sasl/1.0.4.Final/jboss-sasl-1.0.4.Final.jar:/home/vojtech/.m2/repository/org/jboss/stdio/jboss-stdio/1.0.2.GA/jboss-stdio-1.0.2.GA.jar:/home/vojtech/.m2/repository/org/jboss/threads/jboss-threads/2.1.1.Final/jboss-threads-2.1.1.Final.jar:/home/vojtech/.m2/repository/org/jboss/jboss-vfs/3.2.5.Final/jboss-vfs-3.2.5.Final.jar:/home/vojtech/.m2/repository/io/undertow/undertow-core/1.0.15.Final/undertow-core-1.0.15.Final.jar:/home/vojtech/.m2/repository/org/jboss/xnio/xnio-nio/3.2.0.Final/xnio-nio-3.2.0.Final.jar:/home/vojtech/.m2/repository/org/wildfly/wildfly-jpa/8.1.0.Final/wildfly-jpa-8.1.0.Final.jar:/home/vojtech/.m2/repository/org/wildfly/wildfly-ejb3/8.1.0.Final/wildfly-ejb3-8.1.0.Final.jar:/home/vojtech/.m2/repository/org/wildfly/wildfly-connector/8.1.0.Final/wildfly-connector-8.1.0.Final.jar:/home/vojtech/.m2/repository/org/wildfly/wildfly-naming/8.1.0.Final/wildfly-naming-8.1.0.Final.jar:/home/vojtech/.m2/repository/org/jboss/jboss-remote-naming/2.0.1.Final/jboss-remote-naming-2.0.1.Final.jar:/home/vojtech/.m2/repository/org/wildfly/wildfly-threads/8.1.0.Final/wildfly-threads-8.1.0.Final.jar:/home/vojtech/.m2/repository/org/jboss/ironjacamar/ironjacamar-core-api/1.1.5.Final/ironjacamar-core-api-1.1.5.Final.jar:/home/vojtech/.m2/repository/org/jboss/ironjacamar/ironjacamar-spec-api/1.1.5.Final/ironjacamar-spec-api-1.1.5.Final.jar:/home/vojtech/.m2/repository/org/jboss/ironjacamar/ironjacamar-core-impl/1.1.5.Final/ironjacamar-core-impl-1.1.5.Final.jar:/home/vojtech/.m2/repository/org/jboss/ironjacamar/ironjacamar-common-api/1.1.5.Final/ironjacamar-common-api-1.1.5.Final.jar:/home/vojtech/.m2/repository/org/jboss/ironjacamar/ironjacamar-common-spi/1.1.5.Final/ironjacamar-common-spi-1.1.5.Final.jar:/home/vojtech/.m2/repository/org/jboss/ironjacamar/ironjacamar-common-impl/1.1.5.Final/ironjacamar-common-impl-1.1.5.Final.jar:/home/vojtech/.m2/repository/org/jboss/ironjacamar/ironjacamar-deployers-common/1.1.5.Final/ironjacamar-deployers-common-1.1.5.Final.jar:/home/vojtech/.m2/repository/org/jboss/ironjacamar/ironjacamar-jdbc/1.1.5.Final/ironjacamar-jdbc-1.1.5.Final.jar:/home/vojtech/.m2/repository/org/jboss/ironjacamar/ironjacamar-validator/1.1.5.Final/ironjacamar-validator-1.1.5.Final.jar:/home/vojtech/.m2/repository/org/picketbox/picketbox/4.0.21.Beta1/picketbox-4.0.21.Beta1.jar:/home/vojtech/.m2/repository/org/wildfly/wildfly-clustering-api/8.1.0.Final/wildfly-clustering-api-8.1.0.Final.jar:/home/vojtech/.m2/repository/org/wildfly/wildfly-clustering-common/8.1.0.Final/wildfly-clustering-common-8.1.0.Final.jar:/home/vojtech/.m2/repository/org/wildfly/wildfly-clustering-ejb-spi/8.1.0.Final/wildfly-clustering-ejb-spi-8.1.0.Final.jar:/home/vojtech/.m2/repository/org/wildfly/wildfly-ee/8.1.0.Final/wildfly-ee-8.1.0.Final.jar:/home/vojtech/.m2/repository/org/glassfish/javax.enterprise.concurrent/1.0/javax.enterprise.concurrent-1.0.jar:/home/vojtech/.m2/repository/org/jboss/metadata/jboss-metadata-common/8.0.0.Final/jboss-metadata-common-8.0.0.Final.jar:/home/vojtech/.m2/repository/org/jboss/metadata/jboss-metadata-ear/8.0.0.Final/jboss-metadata-ear-8.0.0.Final.jar:/home/vojtech/.m2/repository/org/jboss/spec/javax/enterprise/concurrent/jboss-concurrency-api_1.0_spec/1.0.0.Final/jboss-concurrency-api_1.0_spec-1.0.0.Final.jar:/home/vojtech/.m2/repository/org/wildfly/wildfly-jacorb/8.1.0.Final/wildfly-jacorb-8.1.0.Final.jar:/home/vojtech/.m2/repository/org/jacorb/jacorb/2.3.2-jbossorg-5/jacorb-2.3.2-jbossorg-5.jar:/home/vojtech/.m2/repository/org/jboss/narayana/jts/narayana-jts-jacorb/5.0.0.Final/narayana-jts-jacorb-5.0.0.Final.jar:/home/vojtech/.m2/repository/org/hornetq/hornetq-journal/2.3.9.Final/hornetq-journal-2.3.9.Final.jar:/home/vojtech/.m2/repository/org/hornetq/hornetq-commons/2.3.9.Final/hornetq-commons-2.3.9.Final.jar:/home/vojtech/.m2/repository/org/jboss/spec/javax/rmi/jboss-rmi-api_1.0_spec/1.0.4.Final/jboss-rmi-api_1.0_spec-1.0.4.Final.jar:/home/vojtech/.m2/repository/org/wildfly/wildfly-security/8.1.0.Final/wildfly-security-8.1.0.Final.jar:/home/vojtech/.m2/repository/org/wildfly/wildfly-clustering-infinispan/8.1.0.Final/wildfly-clustering-infinispan-8.1.0.Final.jar:/home/vojtech/.m2/repository/org/wildfly/wildfly-clustering-jgroups/8.1.0.Final/wildfly-clustering-jgroups-8.1.0.Final.jar:/home/vojtech/.m2/repository/org/jgroups/jgroups/3.4.3.Final/jgroups-3.4.3.Final.jar:/home/vojtech/.m2/repository/org/wildfly/wildfly-jmx/8.1.0.Final/wildfly-jmx-8.1.0.Final.jar:/home/vojtech/.m2/repository/org/infinispan/infinispan-core/6.0.2.Final/infinispan-core-6.0.2.Final.jar:/home/vojtech/.m2/repository/org/infinispan/infinispan-commons/6.0.2.Final/infinispan-commons-6.0.2.Final.jar:/home/vojtech/.m2/repository/org/infinispan/infinispan-cachestore-jdbc/6.0.2.Final/infinispan-cachestore-jdbc-6.0.2.Final.jar:/home/vojtech/.m2/repository/org/infinispan/infinispan-cachestore-remote/6.0.2.Final/infinispan-cachestore-remote-6.0.2.Final.jar:/home/vojtech/.m2/repository/org/infinispan/infinispan-client-hotrod/6.0.2.Final/infinispan-client-hotrod-6.0.2.Final.jar:/home/vojtech/.m2/repository/commons-pool/commons-pool/1.6/commons-pool-1.6.jar:/home/vojtech/.m2/repository/net/jcip/jcip-annotations/1.0/jcip-annotations-1.0.jar:/home/vojtech/.m2/repository/org/jboss/security/jboss-negotiation-extras/2.2.7.Final/jboss-negotiation-extras-2.2.7.Final.jar:/home/vojtech/.m2/repository/org/jboss/security/jboss-negotiation-common/2.2.7.Final/jboss-negotiation-common-2.2.7.Final.jar:/home/vojtech/.m2/repository/org/jboss/spec/javax/servlet/jboss-servlet-api_3.0_spec/1.0.1.Final/jboss-servlet-api_3.0_spec-1.0.1.Final.jar:/home/vojtech/.m2/repository/org/jboss/security/jboss-negotiation-spnego/2.2.7.Final/jboss-negotiation-spnego-2.2.7.Final.jar:/home/vojtech/.m2/repository/org/jboss/spec/javax/security/jacc/jboss-jacc-api_1.5_spec/1.0.0.Final/jboss-jacc-api_1.5_spec-1.0.0.Final.jar:/home/vojtech/.m2/repository/org/jboss/spec/javax/servlet/jboss-servlet-api_3.1_spec/1.0.0.Final/jboss-servlet-api_3.1_spec-1.0.0.Final.jar:/home/vojtech/.m2/repository/org/picketbox/picketbox-infinispan/4.0.21.Beta1/picketbox-infinispan-4.0.21.Beta1.jar:/home/vojtech/.m2/repository/org/picketbox/picketbox-commons/1.0.0.final/picketbox-commons-1.0.0.final.jar:/home/vojtech/.m2/repository/commons-cli/commons-cli/1.2/commons-cli-1.2.jar:/home/vojtech/.m2/repository/org/wildfly/wildfly-transactions/8.1.0.Final/wildfly-transactions-8.1.0.Final.jar:/home/vojtech/.m2/repository/org/jboss/jboss-transaction-spi/7.1.0.Final/jboss-transaction-spi-7.1.0.Final.jar:/home/vojtech/.m2/repository/org/jboss/narayana/jts/narayana-jts-integration/5.0.0.Final/narayana-jts-integration-5.0.0.Final.jar:/home/vojtech/.m2/repository/org/jboss/spec/javax/resource/jboss-connector-api_1.7_spec/1.0.0.Final/jboss-connector-api_1.7_spec-1.0.0.Final.jar:/home/vojtech/.m2/repository/org/jboss/jboss-common-core/2.2.22.GA/jboss-common-core-2.2.22.GA.jar:/home/vojtech/.m2/repository/org/jboss/classfilewriter/jboss-classfilewriter/1.0.4.Final/jboss-classfilewriter-1.0.4.Final.jar:/home/vojtech/.m2/repository/org/jboss/jboss-ejb-client/2.0.1.Final/jboss-ejb-client-2.0.1.Final.jar:/home/vojtech/.m2/repository/org/jboss/jboss-iiop-client/1.0.0.Final/jboss-iiop-client-1.0.0.Final.jar:/home/vojtech/.m2/repository/org/jboss/metadata/jboss-metadata-ejb/8.0.0.Final/jboss-metadata-ejb-8.0.0.Final.jar:/home/vojtech/.m2/repository/org/jboss/ejb3/jboss-ejb3-ext-api/2.1.0/jboss-ejb3-ext-api-2.1.0.jar:/home/vojtech/.m2/repository/org/jboss/marshalling/jboss-marshalling-river/1.4.6.Final/jboss-marshalling-river-1.4.6.Final.jar:/home/vojtech/.m2/repository/org/jboss/spec/javax/ejb/jboss-ejb-api_3.2_spec/1.0.0.Final/jboss-ejb-api_3.2_spec-1.0.0.Final.jar:/home/vojtech/.m2/repository/org/jboss/spec/javax/jms/jboss-jms-api_2.0_spec/1.0.0.Final/jboss-jms-api_2.0_spec-1.0.0.Final.jar:/home/vojtech/.m2/repository/org/jboss/spec/javax/xml/rpc/jboss-jaxrpc-api_1.1_spec/1.0.1.Final/jboss-jaxrpc-api_1.1_spec-1.0.1.Final.jar:/home/vojtech/.m2/repository/org/jipijapa/jipijapa-spi/1.0.1.Final/jipijapa-spi-1.0.1.Final.jar:/home/vojtech/.m2/repository/org/jboss/weld/weld-core-impl/2.1.2.Final/weld-core-impl-2.1.2.Final.jar:/home/vojtech/.m2/repository/org/jboss/spec/javax/annotation/jboss-annotations-api_1.2_spec/1.0.0.Final/jboss-annotations-api_1.2_spec-1.0.0.Final.jar:/home/vojtech/.m2/repository/com/google/guava/guava/13.0.1/guava-13.0.1.jar:/home/vojtech/.m2/repository/org/jboss/spec/javax/interceptor/jboss-interceptors-api_1.2_spec/1.0.0.Final/jboss-interceptors-api_1.2_spec-1.0.0.Final.jar:/home/vojtech/.m2/repository/org/jboss/spec/javax/el/jboss-el-api_3.0_spec/1.0.0.Final/jboss-el-api_3.0_spec-1.0.0.Final.jar:/home/vojtech/.m2/repository/javax/enterprise/cdi-api/1.1/cdi-api-1.1.jar:/home/vojtech/.m2/repository/javax/inject/javax.inject/1/javax.inject-1.jar:/home/vojtech/.m2/repository/junit/junit/4.11/junit-4.11.jar:/home/vojtech/.m2/repository/org/hamcrest/hamcrest-core/1.3/hamcrest-core-1.3.jar:/home/vojtech/.m2/repository/org/hibernate/hibernate-validator/5.1.0.Final/hibernate-validator-5.1.0.Final.jar:/home/vojtech/.m2/repository/javax/validation/validation-api/1.1.0.Final/validation-api-1.1.0.Final.jar:/home/vojtech/.m2/repository/com/fasterxml/classmate/1.0.0/classmate-1.0.0.jar:/home/vojtech/.m2/repository/org/hibernate/hibernate-core/4.3.5.Final/hibernate-core-4.3.5.Final.jar:/home/vojtech/.m2/repository/org/jboss/logging/jboss-logging-annotations/1.2.0.Beta1/jboss-logging-annotations-1.2.0.Beta1.jar:/home/vojtech/.m2/repository/org/jboss/spec/javax/transaction/jboss-transaction-api_1.2_spec/1.0.0.Final/jboss-transaction-api_1.2_spec-1.0.0.Final.jar:/home/vojtech/.m2/repository/dom4j/dom4j/1.6.1/dom4j-1.6.1.jar:/home/vojtech/.m2/repository/org/hibernate/common/hibernate-commons-annotations/4.0.4.Final/hibernate-commons-annotations-4.0.4.Final.jar:/home/vojtech/.m2/repository/org/javassist/javassist/3.18.1-GA/javassist-3.18.1-GA.jar:/home/vojtech/.m2/repository/antlr/antlr/2.7.7/antlr-2.7.7.jar:/home/vojtech/.m2/repository/org/hibernate/hibernate-entitymanager/4.3.5.Final/hibernate-entitymanager-4.3.5.Final.jar:/home/vojtech/.m2/repository/org/hibernate/javax/persistence/hibernate-jpa-2.1-api/1.0.0.Final/hibernate-jpa-2.1-api-1.0.0.Final.jar:/home/vojtech/.m2/repository/org/wildfly/wildfly-controller-client/8.1.0.Final/wildfly-controller-client-8.1.0.Final.jar:/home/vojtech/.m2/repository/org/wildfly/wildfly-protocol/8.1.0.Final/wildfly-protocol-8.1.0.Final.jar:/home/vojtech/.m2/repository/org/jboss/msc/jboss-msc/1.2.2.Final/jboss-msc-1.2.2.Final.jar:/home/vojtech/.m2/repository/commons-lang/commons-lang/2.4/commons-lang-2.4.jar:/home/vojtech/.m2/repository/org/wildfly/wildfly-subsystem-test-framework/8.1.0.Final/wildfly-subsystem-test-framework-8.1.0.Final.jar:/home/vojtech/.m2/repository/org/apache/maven/maven-aether-provider/3.1.1/maven-aether-provider-3.1.1.jar:/home/vojtech/.m2/repository/org/apache/maven/maven-model/3.1.1/maven-model-3.1.1.jar:/home/vojtech/.m2/repository/org/apache/maven/maven-model-builder/3.1.1/maven-model-builder-3.1.1.jar:/home/vojtech/.m2/repository/org/codehaus/plexus/plexus-interpolation/1.19/plexus-interpolation-1.19.jar:/home/vojtech/.m2/repository/org/apache/maven/maven-repository-metadata/3.1.1/maven-repository-metadata-3.1.1.jar:/home/vojtech/.m2/repository/org/eclipse/aether/aether-api/0.9.0.M2/aether-api-0.9.0.M2.jar:/home/vojtech/.m2/repository/org/eclipse/aether/aether-spi/0.9.0.M2/aether-spi-0.9.0.M2.jar:/home/vojtech/.m2/repository/org/eclipse/aether/aether-util/0.9.0.M2/aether-util-0.9.0.M2.jar:/home/vojtech/.m2/repository/org/eclipse/aether/aether-impl/0.9.0.M2/aether-impl-0.9.0.M2.jar:/home/vojtech/.m2/repository/org/codehaus/plexus/plexus-component-annotations/1.5.5/plexus-component-annotations-1.5.5.jar:/home/vojtech/.m2/repository/org/codehaus/plexus/plexus-utils/3.0.15/plexus-utils-3.0.15.jar:/home/vojtech/.m2/repository/org/jboss/slf4j/slf4j-jboss-logmanager/1.0.3.GA/slf4j-jboss-logmanager-1.0.3.GA.jar:/home/vojtech/.m2/repository/org/wildfly/wildfly-model-test/8.1.0.Final/wildfly-model-test-8.1.0.Final.jar:/home/vojtech/.m2/repository/org/eclipse/aether/aether-connector-basic/0.9.0.M3/aether-connector-basic-0.9.0.M3.jar:/home/vojtech/.m2/repository/org/eclipse/aether/aether-transport-file/0.9.0.M3/aether-transport-file-0.9.0.M3.jar:/home/vojtech/.m2/repository/org/eclipse/aether/aether-transport-http/0.9.0.M3/aether-transport-http-0.9.0.M3.jar:/home/vojtech/.m2/repository/org/apache/httpcomponents/httpclient/4.2.5/httpclient-4.2.5.jar:/home/vojtech/.m2/repository/org/apache/httpcomponents/httpcore/4.2.4/httpcore-4.2.4.jar:/home/vojtech/.m2/repository/commons-codec/commons-codec/1.6/commons-codec-1.6.jar:/home/vojtech/.m2/repository/org/slf4j/jcl-over-slf4j/1.6.2/jcl-over-slf4j-1.6.2.jar:/home/vojtech/.m2/repository/org/quartz-scheduler/quartz/2.1.7/quartz-2.1.7.jar:/home/vojtech/.m2/repository/c3p0/c3p0/0.9.1.1/c3p0-0.9.1.1.jar:/home/vojtech/.m2/repository/org/slf4j/slf4j-api/1.6.1/slf4j-api-1.6.1.jar:"/>
    <property name="java.specification.name" value="Java Platform API Specification"/>
    <property name="java.class.version" value="51.0"/>
    <property name="sun.management.compiler" value="HotSpot 64-Bit Tiered Compilers"/>
    <property name="os.version" value="3.13.0-39-generic"/>
    <property name="user.home" value="/home/vojtech"/>
    <property name="user.timezone" value="Europe/Vienna"/>
    <property name="java.awt.printerjob" value="sun.print.PSPrinterJob"/>
    <property name="file.encoding" value="UTF-8"/>
    <property name="java.specification.version" value="1.7"/>
    <property name="user.name" value="vojtech"/>
    <property name="java.class.path" value="/data/fi/dp/self-monitor/code/wildfly-self-monitor/selfmonitor/target/test-classes:/data/fi/dp/self-monitor/code/wildfly-self-monitor/selfmonitor/target/classes:/home/vojtech/.m2/repository/org/wildfly/wildfly-controller/8.1.0.Final/wildfly-controller-8.1.0.Final.jar:/home/vojtech/.m2/repository/org/jboss/jboss-dmr/1.2.0.Final/jboss-dmr-1.2.0.Final.jar:/home/vojtech/.m2/repository/org/wildfly/security/wildfly-security-manager/1.0.0.Final/wildfly-security-manager-1.0.0.Final.jar:/home/vojtech/.m2/repository/org/wildfly/wildfly-core-security/8.1.0.Final/wildfly-core-security-8.1.0.Final.jar:/home/vojtech/.m2/repository/org/wildfly/wildfly-core-security-api/8.1.0.Final/wildfly-core-security-api-8.1.0.Final.jar:/home/vojtech/.m2/repository/org/jboss/modules/jboss-modules/1.3.3.Final/jboss-modules-1.3.3.Final.jar:/home/vojtech/.m2/repository/org/jboss/logmanager/jboss-logmanager/1.5.2.Final/jboss-logmanager-1.5.2.Final.jar:/home/vojtech/.m2/repository/org/jboss/staxmapper/1.1.0.Final/staxmapper-1.1.0.Final.jar:/home/vojtech/.m2/repository/org/wildfly/wildfly-build-config/8.1.0.Final/wildfly-build-config-8.1.0.Final.jar:/home/vojtech/.m2/repository/org/wildfly/wildfly-server/8.1.0.Final/wildfly-server-8.1.0.Final.jar:/home/vojtech/.m2/repository/org/wildfly/wildfly-domain-http-interface/8.1.0.Final/wildfly-domain-http-interface-8.1.0.Final.jar:/home/vojtech/.m2/repository/org/wildfly/wildfly-domain-management/8.1.0.Final/wildfly-domain-management-8.1.0.Final.jar:/home/vojtech/.m2/repository/org/wildfly/wildfly-deployment-repository/8.1.0.Final/wildfly-deployment-repository-8.1.0.Final.jar:/home/vojtech/.m2/repository/org/wildfly/wildfly-patching/8.1.0.Final/wildfly-patching-8.1.0.Final.jar:/home/vojtech/.m2/repository/org/wildfly/wildfly-cli/8.1.0.Final/wildfly-cli-8.1.0.Final.jar:/home/vojtech/.m2/repository/org/jboss/aesh/aesh/0.33.11/aesh-0.33.11.jar:/home/vojtech/.m2/repository/org/fusesource/jansi/jansi/1.9/jansi-1.9.jar:/home/vojtech/.m2/repository/org/jboss/remotingjmx/remoting-jmx/2.0.0.Final/remoting-jmx-2.0.0.Final.jar:/usr/lib/jvm/java-7-openjdk-amd64/jre/../lib/jconsole.jar:/home/vojtech/.m2/repository/org/wildfly/wildfly-platform-mbean/8.1.0.Final/wildfly-platform-mbean-8.1.0.Final.jar:/home/vojtech/.m2/repository/org/wildfly/wildfly-process-controller/8.1.0.Final/wildfly-process-controller-8.1.0.Final.jar:/home/vojtech/.m2/repository/org/wildfly/wildfly-remoting/8.1.0.Final/wildfly-remoting-8.1.0.Final.jar:/home/vojtech/.m2/repository/org/wildfly/wildfly-io/8.1.0.Final/wildfly-io-8.1.0.Final.jar:/home/vojtech/.m2/repository/org/jboss/xnio/xnio-api/3.2.2.Final/xnio-api-3.2.2.Final.jar:/home/vojtech/.m2/repository/org/wildfly/wildfly-network/8.1.0.Final/wildfly-network-8.1.0.Final.jar:/home/vojtech/.m2/repository/org/wildfly/wildfly-version/8.1.0.Final/wildfly-version-8.1.0.Final.jar:/home/vojtech/.m2/repository/org/jboss/jandex/1.1.0.Final/jandex-1.1.0.Final.jar:/home/vojtech/.m2/repository/org/jboss/invocation/jboss-invocation/1.2.1.Final/jboss-invocation-1.2.1.Final.jar:/home/vojtech/.m2/repository/org/jboss/logging/jboss-logging/3.1.4.GA/jboss-logging-3.1.4.GA.jar:/home/vojtech/.m2/repository/org/jboss/marshalling/jboss-marshalling/1.4.6.Final/jboss-marshalling-1.4.6.Final.jar:/home/vojtech/.m2/repository/org/jboss/remoting/jboss-remoting/4.0.3.Final/jboss-remoting-4.0.3.Final.jar:/home/vojtech/.m2/repository/org/jboss/sasl/jboss-sasl/1.0.4.Final/jboss-sasl-1.0.4.Final.jar:/home/vojtech/.m2/repository/org/jboss/stdio/jboss-stdio/1.0.2.GA/jboss-stdio-1.0.2.GA.jar:/home/vojtech/.m2/repository/org/jboss/threads/jboss-threads/2.1.1.Final/jboss-threads-2.1.1.Final.jar:/home/vojtech/.m2/repository/org/jboss/jboss-vfs/3.2.5.Final/jboss-vfs-3.2.5.Final.jar:/home/vojtech/.m2/repository/io/undertow/undertow-core/1.0.15.Final/undertow-core-1.0.15.Final.jar:/home/vojtech/.m2/repository/org/jboss/xnio/xnio-nio/3.2.0.Final/xnio-nio-3.2.0.Final.jar:/home/vojtech/.m2/repository/org/wildfly/wildfly-jpa/8.1.0.Final/wildfly-jpa-8.1.0.Final.jar:/home/vojtech/.m2/repository/org/wildfly/wildfly-ejb3/8.1.0.Final/wildfly-ejb3-8.1.0.Final.jar:/home/vojtech/.m2/repository/org/wildfly/wildfly-connector/8.1.0.Final/wildfly-connector-8.1.0.Final.jar:/home/vojtech/.m2/repository/org/wildfly/wildfly-naming/8.1.0.Final/wildfly-naming-8.1.0.Final.jar:/home/vojtech/.m2/repository/org/jboss/jboss-remote-naming/2.0.1.Final/jboss-remote-naming-2.0.1.Final.jar:/home/vojtech/.m2/repository/org/wildfly/wildfly-threads/8.1.0.Final/wildfly-threads-8.1.0.Final.jar:/home/vojtech/.m2/repository/org/jboss/ironjacamar/ironjacamar-core-api/1.1.5.Final/ironjacamar-core-api-1.1.5.Final.jar:/home/vojtech/.m2/repository/org/jboss/ironjacamar/ironjacamar-spec-api/1.1.5.Final/ironjacamar-spec-api-1.1.5.Final.jar:/home/vojtech/.m2/repository/org/jboss/ironjacamar/ironjacamar-core-impl/1.1.5.Final/ironjacamar-core-impl-1.1.5.Final.jar:/home/vojtech/.m2/repository/org/jboss/ironjacamar/ironjacamar-common-api/1.1.5.Final/ironjacamar-common-api-1.1.5.Final.jar:/home/vojtech/.m2/repository/org/jboss/ironjacamar/ironjacamar-common-spi/1.1.5.Final/ironjacamar-common-spi-1.1.5.Final.jar:/home/vojtech/.m2/repository/org/jboss/ironjacamar/ironjacamar-common-impl/1.1.5.Final/ironjacamar-common-impl-1.1.5.Final.jar:/home/vojtech/.m2/repository/org/jboss/ironjacamar/ironjacamar-deployers-common/1.1.5.Final/ironjacamar-deployers-common-1.1.5.Final.jar:/home/vojtech/.m2/repository/org/jboss/ironjacamar/ironjacamar-jdbc/1.1.5.Final/ironjacamar-jdbc-1.1.5.Final.jar:/home/vojtech/.m2/repository/org/jboss/ironjacamar/ironjacamar-validator/1.1.5.Final/ironjacamar-validator-1.1.5.Final.jar:/home/vojtech/.m2/repository/org/picketbox/picketbox/4.0.21.Beta1/picketbox-4.0.21.Beta1.jar:/home/vojtech/.m2/repository/org/wildfly/wildfly-clustering-api/8.1.0.Final/wildfly-clustering-api-8.1.0.Final.jar:/home/vojtech/.m2/repository/org/wildfly/wildfly-clustering-common/8.1.0.Final/wildfly-clustering-common-8.1.0.Final.jar:/home/vojtech/.m2/repository/org/wildfly/wildfly-clustering-ejb-spi/8.1.0.Final/wildfly-clustering-ejb-spi-8.1.0.Final.jar:/home/vojtech/.m2/repository/org/wildfly/wildfly-ee/8.1.0.Final/wildfly-ee-8.1.0.Final.jar:/home/vojtech/.m2/repository/org/glassfish/javax.enterprise.concurrent/1.0/javax.enterprise.concurrent-1.0.jar:/home/vojtech/.m2/repository/org/jboss/metadata/jboss-metadata-common/8.0.0.Final/jboss-metadata-common-8.0.0.Final.jar:/home/vojtech/.m2/repository/org/jboss/metadata/jboss-metadata-ear/8.0.0.Final/jboss-metadata-ear-8.0.0.Final.jar:/home/vojtech/.m2/repository/org/jboss/spec/javax/enterprise/concurrent/jboss-concurrency-api_1.0_spec/1.0.0.Final/jboss-concurrency-api_1.0_spec-1.0.0.Final.jar:/home/vojtech/.m2/repository/org/wildfly/wildfly-jacorb/8.1.0.Final/wildfly-jacorb-8.1.0.Final.jar:/home/vojtech/.m2/repository/org/jacorb/jacorb/2.3.2-jbossorg-5/jacorb-2.3.2-jbossorg-5.jar:/home/vojtech/.m2/repository/org/jboss/narayana/jts/narayana-jts-jacorb/5.0.0.Final/narayana-jts-jacorb-5.0.0.Final.jar:/home/vojtech/.m2/repository/org/hornetq/hornetq-journal/2.3.9.Final/hornetq-journal-2.3.9.Final.jar:/home/vojtech/.m2/repository/org/hornetq/hornetq-commons/2.3.9.Final/hornetq-commons-2.3.9.Final.jar:/home/vojtech/.m2/repository/org/jboss/spec/javax/rmi/jboss-rmi-api_1.0_spec/1.0.4.Final/jboss-rmi-api_1.0_spec-1.0.4.Final.jar:/home/vojtech/.m2/repository/org/wildfly/wildfly-security/8.1.0.Final/wildfly-security-8.1.0.Final.jar:/home/vojtech/.m2/repository/org/wildfly/wildfly-clustering-infinispan/8.1.0.Final/wildfly-clustering-infinispan-8.1.0.Final.jar:/home/vojtech/.m2/repository/org/wildfly/wildfly-clustering-jgroups/8.1.0.Final/wildfly-clustering-jgroups-8.1.0.Final.jar:/home/vojtech/.m2/repository/org/jgroups/jgroups/3.4.3.Final/jgroups-3.4.3.Final.jar:/home/vojtech/.m2/repository/org/wildfly/wildfly-jmx/8.1.0.Final/wildfly-jmx-8.1.0.Final.jar:/home/vojtech/.m2/repository/org/infinispan/infinispan-core/6.0.2.Final/infinispan-core-6.0.2.Final.jar:/home/vojtech/.m2/repository/org/infinispan/infinispan-commons/6.0.2.Final/infinispan-commons-6.0.2.Final.jar:/home/vojtech/.m2/repository/org/infinispan/infinispan-cachestore-jdbc/6.0.2.Final/infinispan-cachestore-jdbc-6.0.2.Final.jar:/home/vojtech/.m2/repository/org/infinispan/infinispan-cachestore-remote/6.0.2.Final/infinispan-cachestore-remote-6.0.2.Final.jar:/home/vojtech/.m2/repository/org/infinispan/infinispan-client-hotrod/6.0.2.Final/infinispan-client-hotrod-6.0.2.Final.jar:/home/vojtech/.m2/repository/commons-pool/commons-pool/1.6/commons-pool-1.6.jar:/home/vojtech/.m2/repository/net/jcip/jcip-annotations/1.0/jcip-annotations-1.0.jar:/home/vojtech/.m2/repository/org/jboss/security/jboss-negotiation-extras/2.2.7.Final/jboss-negotiation-extras-2.2.7.Final.jar:/home/vojtech/.m2/repository/org/jboss/security/jboss-negotiation-common/2.2.7.Final/jboss-negotiation-common-2.2.7.Final.jar:/home/vojtech/.m2/repository/org/jboss/spec/javax/servlet/jboss-servlet-api_3.0_spec/1.0.1.Final/jboss-servlet-api_3.0_spec-1.0.1.Final.jar:/home/vojtech/.m2/repository/org/jboss/security/jboss-negotiation-spnego/2.2.7.Final/jboss-negotiation-spnego-2.2.7.Final.jar:/home/vojtech/.m2/repository/org/jboss/spec/javax/security/jacc/jboss-jacc-api_1.5_spec/1.0.0.Final/jboss-jacc-api_1.5_spec-1.0.0.Final.jar:/home/vojtech/.m2/repository/org/jboss/spec/javax/servlet/jboss-servlet-api_3.1_spec/1.0.0.Final/jboss-servlet-api_3.1_spec-1.0.0.Final.jar:/home/vojtech/.m2/repository/org/picketbox/picketbox-infinispan/4.0.21.Beta1/picketbox-infinispan-4.0.21.Beta1.jar:/home/vojtech/.m2/repository/org/picketbox/picketbox-commons/1.0.0.final/picketbox-commons-1.0.0.final.jar:/home/vojtech/.m2/repository/commons-cli/commons-cli/1.2/commons-cli-1.2.jar:/home/vojtech/.m2/repository/org/wildfly/wildfly-transactions/8.1.0.Final/wildfly-transactions-8.1.0.Final.jar:/home/vojtech/.m2/repository/org/jboss/jboss-transaction-spi/7.1.0.Final/jboss-transaction-spi-7.1.0.Final.jar:/home/vojtech/.m2/repository/org/jboss/narayana/jts/narayana-jts-integration/5.0.0.Final/narayana-jts-integration-5.0.0.Final.jar:/home/vojtech/.m2/repository/org/jboss/spec/javax/resource/jboss-connector-api_1.7_spec/1.0.0.Final/jboss-connector-api_1.7_spec-1.0.0.Final.jar:/home/vojtech/.m2/repository/org/jboss/jboss-common-core/2.2.22.GA/jboss-common-core-2.2.22.GA.jar:/home/vojtech/.m2/repository/org/jboss/classfilewriter/jboss-classfilewriter/1.0.4.Final/jboss-classfilewriter-1.0.4.Final.jar:/home/vojtech/.m2/repository/org/jboss/jboss-ejb-client/2.0.1.Final/jboss-ejb-client-2.0.1.Final.jar:/home/vojtech/.m2/repository/org/jboss/jboss-iiop-client/1.0.0.Final/jboss-iiop-client-1.0.0.Final.jar:/home/vojtech/.m2/repository/org/jboss/metadata/jboss-metadata-ejb/8.0.0.Final/jboss-metadata-ejb-8.0.0.Final.jar:/home/vojtech/.m2/repository/org/jboss/ejb3/jboss-ejb3-ext-api/2.1.0/jboss-ejb3-ext-api-2.1.0.jar:/home/vojtech/.m2/repository/org/jboss/marshalling/jboss-marshalling-river/1.4.6.Final/jboss-marshalling-river-1.4.6.Final.jar:/home/vojtech/.m2/repository/org/jboss/spec/javax/ejb/jboss-ejb-api_3.2_spec/1.0.0.Final/jboss-ejb-api_3.2_spec-1.0.0.Final.jar:/home/vojtech/.m2/repository/org/jboss/spec/javax/jms/jboss-jms-api_2.0_spec/1.0.0.Final/jboss-jms-api_2.0_spec-1.0.0.Final.jar:/home/vojtech/.m2/repository/org/jboss/spec/javax/xml/rpc/jboss-jaxrpc-api_1.1_spec/1.0.1.Final/jboss-jaxrpc-api_1.1_spec-1.0.1.Final.jar:/home/vojtech/.m2/repository/org/jipijapa/jipijapa-spi/1.0.1.Final/jipijapa-spi-1.0.1.Final.jar:/home/vojtech/.m2/repository/org/jboss/weld/weld-core-impl/2.1.2.Final/weld-core-impl-2.1.2.Final.jar:/home/vojtech/.m2/repository/org/jboss/spec/javax/annotation/jboss-annotations-api_1.2_spec/1.0.0.Final/jboss-annotations-api_1.2_spec-1.0.0.Final.jar:/home/vojtech/.m2/repository/com/google/guava/guava/13.0.1/guava-13.0.1.jar:/home/vojtech/.m2/repository/org/jboss/spec/javax/interceptor/jboss-interceptors-api_1.2_spec/1.0.0.Final/jboss-interceptors-api_1.2_spec-1.0.0.Final.jar:/home/vojtech/.m2/repository/org/jboss/spec/javax/el/jboss-el-api_3.0_spec/1.0.0.Final/jboss-el-api_3.0_spec-1.0.0.Final.jar:/home/vojtech/.m2/repository/javax/enterprise/cdi-api/1.1/cdi-api-1.1.jar:/home/vojtech/.m2/repository/javax/inject/javax.inject/1/javax.inject-1.jar:/home/vojtech/.m2/repository/junit/junit/4.11/junit-4.11.jar:/home/vojtech/.m2/repository/org/hamcrest/hamcrest-core/1.3/hamcrest-core-1.3.jar:/home/vojtech/.m2/repository/org/hibernate/hibernate-validator/5.1.0.Final/hibernate-validator-5.1.0.Final.jar:/home/vojtech/.m2/repository/javax/validation/validation-api/1.1.0.Final/validation-api-1.1.0.Final.jar:/home/vojtech/.m2/repository/com/fasterxml/classmate/1.0.0/classmate-1.0.0.jar:/home/vojtech/.m2/repository/org/hibernate/hibernate-core/4.3.5.Final/hibernate-core-4.3.5.Final.jar:/home/vojtech/.m2/repository/org/jboss/logging/jboss-logging-annotations/1.2.0.Beta1/jboss-logging-annotations-1.2.0.Beta1.jar:/home/vojtech/.m2/repository/org/jboss/spec/javax/transaction/jboss-transaction-api_1.2_spec/1.0.0.Final/jboss-transaction-api_1.2_spec-1.0.0.Final.jar:/home/vojtech/.m2/repository/dom4j/dom4j/1.6.1/dom4j-1.6.1.jar:/home/vojtech/.m2/repository/org/hibernate/common/hibernate-commons-annotations/4.0.4.Final/hibernate-commons-annotations-4.0.4.Final.jar:/home/vojtech/.m2/repository/org/javassist/javassist/3.18.1-GA/javassist-3.18.1-GA.jar:/home/vojtech/.m2/repository/antlr/antlr/2.7.7/antlr-2.7.7.jar:/home/vojtech/.m2/repository/org/hibernate/hibernate-entitymanager/4.3.5.Final/hibernate-entitymanager-4.3.5.Final.jar:/home/vojtech/.m2/repository/org/hibernate/javax/persistence/hibernate-jpa-2.1-api/1.0.0.Final/hibernate-jpa-2.1-api-1.0.0.Final.jar:/home/vojtech/.m2/repository/org/wildfly/wildfly-controller-client/8.1.0.Final/wildfly-controller-client-8.1.0.Final.jar:/home/vojtech/.m2/repository/org/wildfly/wildfly-protocol/8.1.0.Final/wildfly-protocol-8.1.0.Final.jar:/home/vojtech/.m2/repository/org/jboss/msc/jboss-msc/1.2.2.Final/jboss-msc-1.2.2.Final.jar:/home/vojtech/.m2/repository/commons-lang/commons-lang/2.4/commons-lang-2.4.jar:/home/vojtech/.m2/repository/org/wildfly/wildfly-subsystem-test-framework/8.1.0.Final/wildfly-subsystem-test-framework-8.1.0.Final.jar:/home/vojtech/.m2/repository/org/apache/maven/maven-aether-provider/3.1.1/maven-aether-provider-3.1.1.jar:/home/vojtech/.m2/repository/org/apache/maven/maven-model/3.1.1/maven-model-3.1.1.jar:/home/vojtech/.m2/repository/org/apache/maven/maven-model-builder/3.1.1/maven-model-builder-3.1.1.jar:/home/vojtech/.m2/repository/org/codehaus/plexus/plexus-interpolation/1.19/plexus-interpolation-1.19.jar:/home/vojtech/.m2/repository/org/apache/maven/maven-repository-metadata/3.1.1/maven-repository-metadata-3.1.1.jar:/home/vojtech/.m2/repository/org/eclipse/aether/aether-api/0.9.0.M2/aether-api-0.9.0.M2.jar:/home/vojtech/.m2/repository/org/eclipse/aether/aether-spi/0.9.0.M2/aether-spi-0.9.0.M2.jar:/home/vojtech/.m2/repository/org/eclipse/aether/aether-util/0.9.0.M2/aether-util-0.9.0.M2.jar:/home/vojtech/.m2/repository/org/eclipse/aether/aether-impl/0.9.0.M2/aether-impl-0.9.0.M2.jar:/home/vojtech/.m2/repository/org/codehaus/plexus/plexus-component-annotations/1.5.5/plexus-component-annotations-1.5.5.jar:/home/vojtech/.m2/repository/org/codehaus/plexus/plexus-utils/3.0.15/plexus-utils-3.0.15.jar:/home/vojtech/.m2/repository/org/jboss/slf4j/slf4j-jboss-logmanager/1.0.3.GA/slf4j-jboss-logmanager-1.0.3.GA.jar:/home/vojtech/.m2/repository/org/wildfly/wildfly-model-test/8.1.0.Final/wildfly-model-test-8.1.0.Final.jar:/home/vojtech/.m2/repository/org/eclipse/aether/aether-connector-basic/0.9.0.M3/aether-connector-basic-0.9.0.M3.jar:/home/vojtech/.m2/repository/org/eclipse/aether/aether-transport-file/0.9.0.M3/aether-transport-file-0.9.0.M3.jar:/home/vojtech/.m2/repository/org/eclipse/aether/aether-transport-http/0.9.0.M3/aether-transport-http-0.9.0.M3.jar:/home/vojtech/.m2/repository/org/apache/httpcomponents/httpclient/4.2.5/httpclient-4.2.5.jar:/home/vojtech/.m2/repository/org/apache/httpcomponents/httpcore/4.2.4/httpcore-4.2.4.jar:/home/vojtech/.m2/repository/commons-codec/commons-codec/1.6/commons-codec-1.6.jar:/home/vojtech/.m2/repository/org/slf4j/jcl-over-slf4j/1.6.2/jcl-over-slf4j-1.6.2.jar:/home/vojtech/.m2/repository/org/quartz-scheduler/quartz/2.1.7/quartz-2.1.7.jar:/home/vojtech/.m2/repository/c3p0/c3p0/0.9.1.1/c3p0-0.9.1.1.jar:/home/vojtech/.m2/repository/org/slf4j/slf4j-api/1.6.1/slf4j-api-1.6.1.jar:"/>
    <property name="jboss.home" value=""/>
    <property name="java.vm.specification.version" value="1.7"/>
    <property name="sun.arch.data.model" value="64"/>
    <property name="java.home" value="/usr/lib/jvm/java-7-openjdk-amd64/jre"/>
    <property name="sun.java.command" value="/data/fi/dp/self-monitor/code/wildfly-self-monitor/selfmonitor/target/surefire/surefirebooter8684551090107163599.jar /data/fi/dp/self-monitor/code/wildfly-self-monitor/selfmonitor/target/surefire/surefire673438089309611640tmp /data/fi/dp/self-monitor/code/wildfly-self-monitor/selfmonitor/target/surefire/surefire8525823332987465311tmp"/>
    <property name="java.specification.vendor" value="Oracle Corporation"/>
    <property name="user.language" value="en"/>
    <property name="awt.toolkit" value="sun.awt.X11.XToolkit"/>
    <property name="java.vm.info" value="mixed mode"/>
    <property name="java.version" value="1.7.0_65"/>
    <property name="java.ext.dirs" value="/usr/lib/jvm/java-7-openjdk-amd64/jre/lib/ext:/usr/java/packages/lib/ext"/>
    <property name="sun.boot.class.path" value="/usr/lib/jvm/java-7-openjdk-amd64/jre/lib/resources.jar:/usr/lib/jvm/java-7-openjdk-amd64/jre/lib/rt.jar:/usr/lib/jvm/java-7-openjdk-amd64/jre/lib/sunrsasign.jar:/usr/lib/jvm/java-7-openjdk-amd64/jre/lib/jsse.jar:/usr/lib/jvm/java-7-openjdk-amd64/jre/lib/jce.jar:/usr/lib/jvm/java-7-openjdk-amd64/jre/lib/charsets.jar:/usr/lib/jvm/java-7-openjdk-amd64/jre/lib/rhino.jar:/usr/lib/jvm/java-7-openjdk-amd64/jre/lib/jfr.jar:/usr/lib/jvm/java-7-openjdk-amd64/jre/classes"/>
    <property name="java.vendor" value="Oracle Corporation"/>
    <property name="localRepository" value="/home/vojtech/.m2/repository"/>
    <property name="file.separator" value="/"/>
    <property name="java.vendor.url.bug" value="http://bugreport.sun.com/bugreport/"/>
    <property name="sun.cpu.endian" value="little"/>
    <property name="sun.io.unicode.encoding" value="UnicodeLittle"/>
    <property name="sun.desktop" value="gnome"/>
    <property name="sun.cpu.isalist" value=""/>
  </properties>
  <testcase time="1.012" classname="org.jboss.as.selfmonitor.SubsystemBaseParsingTestCase" name="testSubsystem"/>
</testsuite>