<?xml version="1.0" encoding="UTF-8" ?>
<testsuite failures="0" time="1.506" errors="0" skipped="0" tests="1" name="org.jboss.as.selfmonitor.SubsystemBaseParsingTestCase">
  <properties>
    <property name="java.runtime.name" value="OpenJDK Runtime Environment"/>
    <property name="javax.xml.datatype.DatatypeFactory" value="__redirected.__DatatypeFactory"/>
    <property name="sun.boot.library.path" value="/usr/lib/jvm/java-7-openjdk-amd64/jre/lib/amd64"/>
    <property name="java.vm.version" value="24.65-b04"/>
    <property name="javax.xml.xpath.XPathFactory:http://java.sun.com/jaxp/xpath/dom" value="__redirected.__XPathFactory"/>
    <property name="java.vm.vendor" value="Oracle Corporation"/>
    <property name="java.vendor.url" value="http://java.oracle.com/"/>
    <property name="path.separator" value=":"/>
    <property name="java.vm.name" value="OpenJDK 64-Bit Server VM"/>
    <property name="file.encoding.pkg" value="sun.io"/>
    <property name="user.country" value="US"/>
    <property name="sun.java.launcher" value="SUN_STANDARD"/>
    <property name="sun.os.patch.level" value="unknown"/>
    <property name="java.vm.specification.name" value="Java Virtual Machine Specification"/>
    <property name="user.dir" value="/data/fi/dp/self-monitor/code/wildfly-self-monitor2/wildfly-self-monitor/selfmonitor"/>
    <property name="org.xml.sax.driver" value="__redirected.__XMLReaderFactory"/>
    <property name="java.runtime.version" value="1.7.0_65-b32"/>
    <property name="java.awt.graphicsenv" value="sun.awt.X11GraphicsEnvironment"/>
    <property name="basedir" value="/data/fi/dp/self-monitor/code/wildfly-self-monitor2/wildfly-self-monitor/selfmonitor"/>
    <property name="java.endorsed.dirs" value="/usr/lib/jvm/java-7-openjdk-amd64/jre/lib/endorsed"/>
    <property name="os.arch" value="amd64"/>
    <property name="surefire.real.class.path" value="/data/fi/dp/self-monitor/code/wildfly-self-monitor2/wildfly-self-monitor/selfmonitor/target/surefire/surefirebooter5996927332657075703.jar"/>
    <property name="java.io.tmpdir" value="/tmp"/>
    <property name="line.separator" value="
"/>
    <property name="java.vm.specification.vendor" value="Oracle Corporation"/>
    <property name="os.name" value="Linux"/>
    <property name="javax.xml.stream.XMLOutputFactory" value="__redirected.__XMLOutputFactory"/>
    <property name="sun.jnu.encoding" value="UTF-8"/>
    <property name="javax.xml.stream.XMLInputFactory" value="__redirected.__XMLInputFactory"/>
    <property name="java.library.path" value="/usr/java/packages/lib/amd64:/usr/lib/x86_64-linux-gnu/jni:/lib/x86_64-linux-gnu:/usr/lib/x86_64-linux-gnu:/usr/lib/jni:/lib:/usr/lib"/>
    <property name="javax.xml.parsers.SAXParserFactory" value="__redirected.__SAXParserFactory"/>
    <property name="surefire.test.class.path" value="/data/fi/dp/self-monitor/code/wildfly-self-monitor2/wildfly-self-monitor/selfmonitor/target/test-classes:/data/fi/dp/self-monitor/code/wildfly-self-monitor2/wildfly-self-monitor/selfmonitor/target/classes:/home/vojtech/.m2/repository/org/wildfly/wildfly-controller/8.1.0.Final/wildfly-controller-8.1.0.Final.jar:/home/vojtech/.m2/repository/org/jboss/jboss-dmr/1.2.0.Final/jboss-dmr-1.2.0.Final.jar:/home/vojtech/.m2/repository/org/wildfly/security/wildfly-security-manager/1.0.0.Final/wildfly-security-manager-1.0.0.Final.jar:/home/vojtech/.m2/repository/org/wildfly/wildfly-core-security/8.1.0.Final/wildfly-core-security-8.1.0.Final.jar:/home/vojtech/.m2/repository/org/wildfly/wildfly-core-security-api/8.1.0.Final/wildfly-core-security-api-8.1.0.Final.jar:/home/vojtech/.m2/repository/org/jboss/modules/jboss-modules/1.3.3.Final/jboss-modules-1.3.3.Final.jar:/home/vojtech/.m2/repository/org/jboss/logmanager/jboss-logmanager/1.5.2.Final/jboss-logmanager-1.5.2.Final.jar:/home/vojtech/.m2/repository/org/jboss/staxmapper/1.1.0.Final/staxmapper-1.1.0.Final.jar:/home/vojtech/.m2/repository/org/wildfly/wildfly-build-config/8.1.0.Final/wildfly-build-config-8.1.0.Final.jar:/home/vojtech/.m2/repository/org/wildfly/wildfly-server/8.1.0.Final/wildfly-server-8.1.0.Final.jar:/home/vojtech/.m2/repository/org/wildfly/wildfly-domain-http-interface/8.1.0.Final/wildfly-domain-http-interface-8.1.0.Final.jar:/home/vojtech/.m2/repository/org/wildfly/wildfly-domain-management/8.1.0.Final/wildfly-domain-management-8.1.0.Final.jar:/home/vojtech/.m2/repository/org/wildfly/wildfly-deployment-repository/8.1.0.Final/wildfly-deployment-repository-8.1.0.Final.jar:/home/vojtech/.m2/repository/org/wildfly/wildfly-patching/8.1.0.Final/wildfly-patching-8.1.0.Final.jar:/home/vojtech/.m2/repository/org/wildfly/wildfly-cli/8.1.0.Final/wildfly-cli-8.1.0.Final.jar:/home/vojtech/.m2/repository/org/jboss/aesh/aesh/0.33.11/aesh-0.33.11.jar:/home/vojtech/.m2/repository/org/fusesource/jansi/jansi/1.9/jansi-1.9.jar:/usr/lib/jvm/java-7-openjdk-amd64/jre/../lib/jconsole.jar:/home/vojtech/.m2/repository/org/wildfly/wildfly-platform-mbean/8.1.0.Final/wildfly-platform-mbean-8.1.0.Final.jar:/home/vojtech/.m2/repository/org/wildfly/wildfly-process-controller/8.1.0.Final/wildfly-process-controller-8.1.0.Final.jar:/home/vojtech/.m2/repository/org/wildfly/wildfly-remoting/8.1.0.Final/wildfly-remoting-8.1.0.Final.jar:/home/vojtech/.m2/repository/org/wildfly/wildfly-io/8.1.0.Final/wildfly-io-8.1.0.Final.jar:/home/vojtech/.m2/repository/org/wildfly/wildfly-network/8.1.0.Final/wildfly-network-8.1.0.Final.jar:/home/vojtech/.m2/repository/org/wildfly/wildfly-version/8.1.0.Final/wildfly-version-8.1.0.Final.jar:/home/vojtech/.m2/repository/org/jboss/jandex/1.1.0.Final/jandex-1.1.0.Final.jar:/home/vojtech/.m2/repository/org/jboss/invocation/jboss-invocation/1.2.1.Final/jboss-invocation-1.2.1.Final.jar:/home/vojtech/.m2/repository/org/jboss/logging/jboss-logging/3.1.4.GA/jboss-logging-3.1.4.GA.jar:/home/vojtech/.m2/repository/org/jboss/marshalling/jboss-marshalling/1.4.6.Final/jboss-marshalling-1.4.6.Final.jar:/home/vojtech/.m2/repository/org/jboss/remoting/jboss-remoting/4.0.3.Final/jboss-remoting-4.0.3.Final.jar:/home/vojtech/.m2/repository/org/jboss/sasl/jboss-sasl/1.0.4.Final/jboss-sasl-1.0.4.Final.jar:/home/vojtech/.m2/repository/org/jboss/stdio/jboss-stdio/1.0.2.GA/jboss-stdio-1.0.2.GA.jar:/home/vojtech/.m2/repository/org/jboss/threads/jboss-threads/2.1.1.Final/jboss-threads-2.1.1.Final.jar:/home/vojtech/.m2/repository/org/jboss/jboss-vfs/3.2.5.Final/jboss-vfs-3.2.5.Final.jar:/home/vojtech/.m2/repository/io/undertow/undertow-core/1.0.15.Final/undertow-core-1.0.15.Final.jar:/home/vojtech/.m2/repository/org/wildfly/wildfly-jpa/8.1.0.Final/wildfly-jpa-8.1.0.Final.jar:/home/vojtech/.m2/repository/org/wildfly/wildfly-ejb3/8.1.0.Final/wildfly-ejb3-8.1.0.Final.jar:/home/vojtech/.m2/repository/org/wildfly/wildfly-connector/8.1.0.Final/wildfly-connector-8.1.0.Final.jar:/home/vojtech/.m2/repository/org/wildfly/wildfly-naming/8.1.0.Final/wildfly-naming-8.1.0.Final.jar:/home/vojtech/.m2/repository/org/jboss/jboss-remote-naming/2.0.1.Final/jboss-remote-naming-2.0.1.Final.jar:/home/vojtech/.m2/repository/org/wildfly/wildfly-threads/8.1.0.Final/wildfly-threads-8.1.0.Final.jar:/home/vojtech/.m2/repository/org/jboss/ironjacamar/ironjacamar-core-api/1.1.5.Final/ironjacamar-core-api-1.1.5.Final.jar:/home/vojtech/.m2/repository/org/jboss/ironjacamar/ironjacamar-spec-api/1.1.5.Final/ironjacamar-spec-api-1.1.5.Final.jar:/home/vojtech/.m2/repository/org/jboss/ironjacamar/ironjacamar-core-impl/1.1.5.Final/ironjacamar-core-impl-1.1.5.Final.jar:/home/vojtech/.m2/repository/org/jboss/ironjacamar/ironjacamar-common-api/1.1.5.Final/ironjacamar-common-api-1.1.5.Final.jar:/home/vojtech/.m2/repository/org/jboss/ironjacamar/ironjacamar-common-spi/1.1.5.Final/ironjacamar-common-spi-1.1.5.Final.jar:/home/vojtech/.m2/repository/org/jboss/ironjacamar/ironjacamar-common-impl/1.1.5.Final/ironjacamar-common-impl-1.1.5.Final.jar:/home/vojtech/.m2/repository/org/jboss/ironjacamar/ironjacamar-deployers-common/1.1.5.Final/ironjacamar-deployers-common-1.1.5.Final.jar:/home/vojtech/.m2/repository/org/jboss/ironjacamar/ironjacamar-jdbc/1.1.5.Final/ironjacamar-jdbc-1.1.5.Final.jar:/home/vojtech/.m2/repository/org/jboss/ironjacamar/ironjacamar-validator/1.1.5.Final/ironjacamar-validator-1.1.5.Final.jar:/home/vojtech/.m2/repository/org/picketbox/picketbox/4.0.21.Beta1/picketbox-4.0.21.Beta1.jar:/home/vojtech/.m2/repository/org/wildfly/wildfly-clustering-api/8.1.0.Final/wildfly-clustering-api-8.1.0.Final.jar:/home/vojtech/.m2/repository/org/wildfly/wildfly-clustering-common/8.1.0.Final/wildfly-clustering-common-8.1.0.Final.jar:/home/vojtech/.m2/repository/org/wildfly/wildfly-clustering-ejb-spi/8.1.0.Final/wildfly-clustering-ejb-spi-8.1.0.Final.jar:/home/vojtech/.m2/repository/org/wildfly/wildfly-ee/8.1.0.Final/wildfly-ee-8.1.0.Final.jar:/home/vojtech/.m2/repository/org/glassfish/javax.enterprise.concurrent/1.0/javax.enterprise.concurrent-1.0.jar:/home/vojtech/.m2/repository/org/jboss/metadata/jboss-metadata-common/8.0.0.Final/jboss-metadata-common-8.0.0.Final.jar:/home/vojtech/.m2/repository/org/jboss/metadata/jboss-metadata-ear/8.0.0.Final/jboss-metadata-ear-8.0.0.Final.jar:/home/vojtech/.m2/repository/org/jboss/spec/javax/enterprise/concurrent/jboss-concurrency-api_1.0_spec/1.0.0.Final/jboss-concurrency-api_1.0_spec-1.0.0.Final.jar:/home/vojtech/.m2/repository/org/wildfly/wildfly-jacorb/8.1.0.Final/wildfly-jacorb-8.1.0.Final.jar:/home/vojtech/.m2/repository/org/jacorb/jacorb/2.3.2-jbossorg-5/jacorb-2.3.2-jbossorg-5.jar:/home/vojtech/.m2/repository/org/jboss/narayana/jts/narayana-jts-jacorb/5.0.0.Final/narayana-jts-jacorb-5.0.0.Final.jar:/home/vojtech/.m2/repository/org/hornetq/hornetq-journal/2.3.9.Final/hornetq-journal-2.3.9.Final.jar:/home/vojtech/.m2/repository/org/hornetq/hornetq-commons/2.3.9.Final/hornetq-commons-2.3.9.Final.jar:/home/vojtech/.m2/repository/org/jboss/spec/javax/rmi/jboss-rmi-api_1.0_spec/1.0.4.Final/jboss-rmi-api_1.0_spec-1.0.4.Final.jar:/home/vojtech/.m2/repository/org/wildfly/wildfly-security/8.1.0.Final/wildfly-security-8.1.0.Final.jar:/home/vojtech/.m2/repository/org/wildfly/wildfly-clustering-infinispan/8.1.0.Final/wildfly-clustering-infinispan-8.1.0.Final.jar:/home/vojtech/.m2/repository/org/wildfly/wildfly-clustering-jgroups/8.1.0.Final/wildfly-clustering-jgroups-8.1.0.Final.jar:/home/vojtech/.m2/repository/org/jgroups/jgroups/3.4.3.Final/jgroups-3.4.3.Final.jar:/home/vojtech/.m2/repository/org/infinispan/infinispan-core/6.0.2.Final/infinispan-core-6.0.2.Final.jar:/home/vojtech/.m2/repository/org/infinispan/infinispan-commons/6.0.2.Final/infinispan-commons-6.0.2.Final.jar:/home/vojtech/.m2/repository/org/infinispan/infinispan-cachestore-jdbc/6.0.2.Final/infinispan-cachestore-jdbc-6.0.2.Final.jar:/home/vojtech/.m2/repository/org/infinispan/infinispan-cachestore-remote/6.0.2.Final/infinispan-cachestore-remote-6.0.2.Final.jar:/home/vojtech/.m2/repository/org/infinispan/infinispan-client-hotrod/6.0.2.Final/infinispan-client-hotrod-6.0.2.Final.jar:/home/vojtech/.m2/repository/commons-pool/commons-pool/1.6/commons-pool-1.6.jar:/home/vojtech/.m2/repository/net/jcip/jcip-annotations/1.0/jcip-annotations-1.0.jar:/home/vojtech/.m2/repository/org/jboss/security/jboss-negotiation-extras/2.2.7.Final/jboss-negotiation-extras-2.2.7.Final.jar:/home/vojtech/.m2/repository/org/jboss/security/jboss-negotiation-common/2.2.7.Final/jboss-negotiation-common-2.2.7.Final.jar:/home/vojtech/.m2/repository/org/jboss/spec/javax/servlet/jboss-servlet-api_3.0_spec/1.0.1.Final/jboss-servlet-api_3.0_spec-1.0.1.Final.jar:/home/vojtech/.m2/repository/org/jboss/security/jboss-negotiation-spnego/2.2.7.Final/jboss-negotiation-spnego-2.2.7.Final.jar:/home/vojtech/.m2/repository/org/jboss/spec/javax/security/jacc/jboss-jacc-api_1.5_spec/1.0.0.Final/jboss-jacc-api_1.5_spec-1.0.0.Final.jar:/home/vojtech/.m2/repository/org/jboss/spec/javax/servlet/jboss-servlet-api_3.1_spec/1.0.0.Final/jboss-servlet-api_3.1_spec-1.0.0.Final.jar:/home/vojtech/.m2/repository/org/picketbox/picketbox-infinispan/4.0.21.Beta1/picketbox-infinispan-4.0.21.Beta1.jar:/home/vojtech/.m2/repository/org/picketbox/picketbox-commons/1.0.0.final/picketbox-commons-1.0.0.final.jar:/home/vojtech/.m2/repository/commons-cli/commons-cli/1.2/commons-cli-1.2.jar:/home/vojtech/.m2/repository/org/wildfly/wildfly-transactions/8.1.0.Final/wildfly-transactions-8.1.0.Final.jar:/home/vojtech/.m2/repository/org/jboss/jboss-transaction-spi/7.1.0.Final/jboss-transaction-spi-7.1.0.Final.jar:/home/vojtech/.m2/repository/org/jboss/narayana/jts/narayana-jts-integration/5.0.0.Final/narayana-jts-integration-5.0.0.Final.jar:/home/vojtech/.m2/repository/org/jboss/spec/javax/resource/jboss-connector-api_1.7_spec/1.0.0.Final/jboss-connector-api_1.7_spec-1.0.0.Final.jar:/home/vojtech/.m2/repository/org/jboss/jboss-common-core/2.2.22.GA/jboss-common-core-2.2.22.GA.jar:/home/vojtech/.m2/repository/org/jboss/classfilewriter/jboss-classfilewriter/1.0.4.Final/jboss-classfilewriter-1.0.4.Final.jar:/home/vojtech/.m2/repository/org/jboss/jboss-ejb-client/2.0.1.Final/jboss-ejb-client-2.0.1.Final.jar:/home/vojtech/.m2/repository/org/jboss/jboss-iiop-client/1.0.0.Final/jboss-iiop-client-1.0.0.Final.jar:/home/vojtech/.m2/repository/org/jboss/metadata/jboss-metadata-ejb/8.0.0.Final/jboss-metadata-ejb-8.0.0.Final.jar:/home/vojtech/.m2/repository/org/jboss/ejb3/jboss-ejb3-ext-api/2.1.0/jboss-ejb3-ext-api-2.1.0.jar:/home/vojtech/.m2/repository/org/jboss/spec/javax/ejb/jboss-ejb-api_3.2_spec/1.0.0.Final/jboss-ejb-api_3.2_spec-1.0.0.Final.jar:/home/vojtech/.m2/repository/org/jboss/spec/javax/jms/jboss-jms-api_2.0_spec/1.0.0.Final/jboss-jms-api_2.0_spec-1.0.0.Final.jar:/home/vojtech/.m2/repository/org/jboss/spec/javax/xml/rpc/jboss-jaxrpc-api_1.1_spec/1.0.1.Final/jboss-jaxrpc-api_1.1_spec-1.0.1.Final.jar:/home/vojtech/.m2/repository/org/jipijapa/jipijapa-spi/1.0.1.Final/jipijapa-spi-1.0.1.Final.jar:/home/vojtech/.m2/repository/org/jboss/weld/weld-core-impl/2.1.2.Final/weld-core-impl-2.1.2.Final.jar:/home/vojtech/.m2/repository/org/jboss/spec/javax/annotation/jboss-annotations-api_1.2_spec/1.0.0.Final/jboss-annotations-api_1.2_spec-1.0.0.Final.jar:/home/vojtech/.m2/repository/com/google/guava/guava/13.0.1/guava-13.0.1.jar:/home/vojtech/.m2/repository/org/jboss/spec/javax/interceptor/jboss-interceptors-api_1.2_spec/1.0.0.Final/jboss-interceptors-api_1.2_spec-1.0.0.Final.jar:/home/vojtech/.m2/repository/org/jboss/spec/javax/el/jboss-el-api_3.0_spec/1.0.0.Final/jboss-el-api_3.0_spec-1.0.0.Final.jar:/home/vojtech/.m2/repository/javax/enterprise/cdi-api/1.1/cdi-api-1.1.jar:/home/vojtech/.m2/repository/junit/junit/4.11/junit-4.11.jar:/home/vojtech/.m2/repository/org/hamcrest/hamcrest-core/1.3/hamcrest-core-1.3.jar:/home/vojtech/.m2/repository/org/hibernate/hibernate-validator/5.1.0.Final/hibernate-validator-5.1.0.Final.jar:/home/vojtech/.m2/repository/javax/validation/validation-api/1.1.0.Final/validation-api-1.1.0.Final.jar:/home/vojtech/.m2/repository/com/fasterxml/classmate/1.0.0/classmate-1.0.0.jar:/home/vojtech/.m2/repository/org/hibernate/hibernate-core/4.3.5.Final/hibernate-core-4.3.5.Final.jar:/home/vojtech/.m2/repository/org/jboss/logging/jboss-logging-annotations/1.2.0.Beta1/jboss-logging-annotations-1.2.0.Beta1.jar:/home/vojtech/.m2/repository/org/jboss/spec/javax/transaction/jboss-transaction-api_1.2_spec/1.0.0.Final/jboss-transaction-api_1.2_spec-1.0.0.Final.jar:/home/vojtech/.m2/repository/dom4j/dom4j/1.6.1/dom4j-1.6.1.jar:/home/vojtech/.m2/repository/org/hibernate/common/hibernate-commons-annotations/4.0.4.Final/hibernate-commons-annotations-4.0.4.Final.jar:/home/vojtech/.m2/repository/org/javassist/javassist/3.18.1-GA/javassist-3.18.1-GA.jar:/home/vojtech/.m2/repository/antlr/antlr/2.7.7/antlr-2.7.7.jar:/home/vojtech/.m2/repository/org/hibernate/hibernate-entitymanager/4.3.5.Final/hibernate-entitymanager-4.3.5.Final.jar:/home/vojtech/.m2/repository/org/hibernate/javax/persistence/hibernate-jpa-2.1-api/1.0.0.Final/hibernate-jpa-2.1-api-1.0.0.Final.jar:/home/vojtech/.m2/repository/org/wildfly/wildfly-controller-client/8.1.0.Final/wildfly-controller-client-8.1.0.Final.jar:/home/vojtech/.m2/repository/org/wildfly/wildfly-protocol/8.1.0.Final/wildfly-protocol-8.1.0.Final.jar:/home/vojtech/.m2/repository/org/jboss/msc/jboss-msc/1.2.2.Final/jboss-msc-1.2.2.Final.jar:/home/vojtech/.m2/repository/commons-lang/commons-lang/2.4/commons-lang-2.4.jar:/home/vojtech/.m2/repository/org/wildfly/wildfly-subsystem-test-framework/8.1.0.Final/wildfly-subsystem-test-framework-8.1.0.Final.jar:/home/vojtech/.m2/repository/org/apache/maven/maven-aether-provider/3.1.1/maven-aether-provider-3.1.1.jar:/home/vojtech/.m2/repository/org/eclipse/aether/aether-api/0.9.0.M2/aether-api-0.9.0.M2.jar:/home/vojtech/.m2/repository/org/eclipse/aether/aether-spi/0.9.0.M2/aether-spi-0.9.0.M2.jar:/home/vojtech/.m2/repository/org/eclipse/aether/aether-util/0.9.0.M2/aether-util-0.9.0.M2.jar:/home/vojtech/.m2/repository/org/eclipse/aether/aether-impl/0.9.0.M2/aether-impl-0.9.0.M2.jar:/home/vojtech/.m2/repository/org/codehaus/plexus/plexus-component-annotations/1.5.5/plexus-component-annotations-1.5.5.jar:/home/vojtech/.m2/repository/org/jboss/slf4j/slf4j-jboss-logmanager/1.0.3.GA/slf4j-jboss-logmanager-1.0.3.GA.jar:/home/vojtech/.m2/repository/org/wildfly/wildfly-model-test/8.1.0.Final/wildfly-model-test-8.1.0.Final.jar:/home/vojtech/.m2/repository/org/eclipse/aether/aether-connector-basic/0.9.0.M3/aether-connector-basic-0.9.0.M3.jar:/home/vojtech/.m2/repository/org/eclipse/aether/aether-transport-file/0.9.0.M3/aether-transport-file-0.9.0.M3.jar:/home/vojtech/.m2/repository/org/eclipse/aether/aether-transport-http/0.9.0.M3/aether-transport-http-0.9.0.M3.jar:/home/vojtech/.m2/repository/org/apache/httpcomponents/httpclient/4.2.5/httpclient-4.2.5.jar:/home/vojtech/.m2/repository/org/slf4j/jcl-over-slf4j/1.6.2/jcl-over-slf4j-1.6.2.jar:/home/vojtech/.m2/repository/org/quartz-scheduler/quartz/2.1.7/quartz-2.1.7.jar:/home/vojtech/.m2/repository/c3p0/c3p0/0.9.1.1/c3p0-0.9.1.1.jar:/home/vojtech/.m2/repository/org/slf4j/slf4j-api/1.6.1/slf4j-api-1.6.1.jar:/home/vojtech/.m2/repository/org/jboss/as/jboss-as-subsystem-test/7.2.0.Final/jboss-as-subsystem-test-7.2.0.Final.jar:/home/vojtech/.m2/repository/org/apache/maven/wagon/wagon-http-lightweight/2.2/wagon-http-lightweight-2.2.jar:/home/vojtech/.m2/repository/org/apache/maven/wagon/wagon-http-shared4/2.2/wagon-http-shared4-2.2.jar:/home/vojtech/.m2/repository/org/jsoup/jsoup/1.6.1/jsoup-1.6.1.jar:/home/vojtech/.m2/repository/org/apache/httpcomponents/httpcore/4.1.2/httpcore-4.1.2.jar:/home/vojtech/.m2/repository/org/jboss/as/jboss-as-controller/7.2.0.Final/jboss-as-controller-7.2.0.Final.jar:/home/vojtech/.m2/repository/org/jboss/as/jboss-as-controller-client/7.2.0.Final/jboss-as-controller-client-7.2.0.Final.jar:/home/vojtech/.m2/repository/org/jboss/as/jboss-as-protocol/7.2.0.Final/jboss-as-protocol-7.2.0.Final.jar:/home/vojtech/.m2/repository/org/jboss/as/jboss-as-model-test/7.2.0.Final/jboss-as-model-test-7.2.0.Final.jar:/home/vojtech/.m2/repository/org/sonatype/aether/aether-connector-file/1.13.1/aether-connector-file-1.13.1.jar:/home/vojtech/.m2/repository/org/sonatype/aether/aether-connector-asynchttpclient/1.13.1/aether-connector-asynchttpclient-1.13.1.jar:/home/vojtech/.m2/repository/com/ning/async-http-client/1.6.5/async-http-client-1.6.5.jar:/home/vojtech/.m2/repository/org/jboss/as/jboss-as-server/7.2.0.Final/jboss-as-server-7.2.0.Final.jar:/home/vojtech/.m2/repository/org/jboss/as/jboss-as-domain-http-interface/7.2.0.Final/jboss-as-domain-http-interface-7.2.0.Final.jar:/home/vojtech/.m2/repository/org/jboss/as/jboss-as-domain-management/7.2.0.Final/jboss-as-domain-management-7.2.0.Final.jar:/home/vojtech/.m2/repository/org/jboss/com/sun/httpserver/httpserver/1.0.1.Final/httpserver-1.0.1.Final.jar:/home/vojtech/.m2/repository/org/jboss/as/jboss-as-deployment-repository/7.2.0.Final/jboss-as-deployment-repository-7.2.0.Final.jar:/home/vojtech/.m2/repository/org/jboss/as/jboss-as-platform-mbean/7.2.0.Final/jboss-as-platform-mbean-7.2.0.Final.jar:/home/vojtech/.m2/repository/org/jboss/as/jboss-as-process-controller/7.2.0.Final/jboss-as-process-controller-7.2.0.Final.jar:/usr/lib/jvm/java-7-openjdk-amd64/jre/../lib/tools.jar:/home/vojtech/.m2/repository/org/jboss/as/jboss-as-remoting/7.2.0.Final/jboss-as-remoting-7.2.0.Final.jar:/home/vojtech/.m2/repository/org/jboss/as/jboss-as-network/7.2.0.Final/jboss-as-network-7.2.0.Final.jar:/home/vojtech/.m2/repository/org/jboss/as/jboss-as-version/7.2.0.Final/jboss-as-version-7.2.0.Final.jar:/home/vojtech/.m2/repository/org/jboss/logmanager/log4j-jboss-logmanager/1.0.1.Final/log4j-jboss-logmanager-1.0.1.Final.jar:/home/vojtech/.m2/repository/org/jboss/remoting3/jboss-remoting/3.2.14.GA/jboss-remoting-3.2.14.GA.jar:/home/vojtech/.m2/repository/org/jboss/as/jboss-as-build-config/7.2.0.Final/jboss-as-build-config-7.2.0.Final.jar:/home/vojtech/.m2/repository/org/jboss/arquillian/junit/arquillian-junit-container/1.1.5.Final/arquillian-junit-container-1.1.5.Final.jar:/home/vojtech/.m2/repository/org/jboss/arquillian/junit/arquillian-junit-core/1.1.5.Final/arquillian-junit-core-1.1.5.Final.jar:/home/vojtech/.m2/repository/org/jboss/arquillian/test/arquillian-test-api/1.1.5.Final/arquillian-test-api-1.1.5.Final.jar:/home/vojtech/.m2/repository/org/jboss/arquillian/test/arquillian-test-spi/1.1.5.Final/arquillian-test-spi-1.1.5.Final.jar:/home/vojtech/.m2/repository/org/jboss/arquillian/core/arquillian-core-spi/1.1.5.Final/arquillian-core-spi-1.1.5.Final.jar:/home/vojtech/.m2/repository/org/jboss/arquillian/container/arquillian-container-test-api/1.1.5.Final/arquillian-container-test-api-1.1.5.Final.jar:/home/vojtech/.m2/repository/org/jboss/shrinkwrap/shrinkwrap-api/1.2.2/shrinkwrap-api-1.2.2.jar:/home/vojtech/.m2/repository/org/jboss/arquillian/container/arquillian-container-test-spi/1.1.5.Final/arquillian-container-test-spi-1.1.5.Final.jar:/home/vojtech/.m2/repository/org/jboss/arquillian/container/arquillian-container-spi/1.1.5.Final/arquillian-container-spi-1.1.5.Final.jar:/home/vojtech/.m2/repository/org/jboss/shrinkwrap/descriptors/shrinkwrap-descriptors-api-base/2.0.0-alpha-5/shrinkwrap-descriptors-api-base-2.0.0-alpha-5.jar:/home/vojtech/.m2/repository/org/jboss/arquillian/core/arquillian-core-impl-base/1.1.5.Final/arquillian-core-impl-base-1.1.5.Final.jar:/home/vojtech/.m2/repository/org/jboss/arquillian/test/arquillian-test-impl-base/1.1.5.Final/arquillian-test-impl-base-1.1.5.Final.jar:/home/vojtech/.m2/repository/org/jboss/arquillian/container/arquillian-container-impl-base/1.1.5.Final/arquillian-container-impl-base-1.1.5.Final.jar:/home/vojtech/.m2/repository/org/jboss/arquillian/config/arquillian-config-api/1.1.5.Final/arquillian-config-api-1.1.5.Final.jar:/home/vojtech/.m2/repository/org/jboss/arquillian/config/arquillian-config-impl-base/1.1.5.Final/arquillian-config-impl-base-1.1.5.Final.jar:/home/vojtech/.m2/repository/org/jboss/shrinkwrap/descriptors/shrinkwrap-descriptors-spi/2.0.0-alpha-5/shrinkwrap-descriptors-spi-2.0.0-alpha-5.jar:/home/vojtech/.m2/repository/org/easytesting/fest-assert/1.4/fest-assert-1.4.jar:/home/vojtech/.m2/repository/org/easytesting/fest-util/1.1.6/fest-util-1.1.6.jar:/home/vojtech/.m2/repository/org/jboss/arquillian/container/arquillian-container-test-impl-base/1.1.5.Final/arquillian-container-test-impl-base-1.1.5.Final.jar:/home/vojtech/.m2/repository/org/jboss/shrinkwrap/shrinkwrap-impl-base/1.2.2/shrinkwrap-impl-base-1.2.2.jar:/home/vojtech/.m2/repository/org/jboss/shrinkwrap/shrinkwrap-spi/1.2.2/shrinkwrap-spi-1.2.2.jar:/home/vojtech/.m2/repository/org/wildfly/wildfly-arquillian-container-managed/8.1.0.Final/wildfly-arquillian-container-managed-8.1.0.Final.jar:/home/vojtech/.m2/repository/org/wildfly/wildfly-arquillian-common/8.1.0.Final/wildfly-arquillian-common-8.1.0.Final.jar:/home/vojtech/.m2/repository/org/jboss/arquillian/testenricher/arquillian-testenricher-cdi/1.1.5.Final/arquillian-testenricher-cdi-1.1.5.Final.jar:/home/vojtech/.m2/repository/org/jboss/arquillian/testenricher/arquillian-testenricher-ejb/1.1.5.Final/arquillian-testenricher-ejb-1.1.5.Final.jar:/home/vojtech/.m2/repository/org/jboss/arquillian/testenricher/arquillian-testenricher-initialcontext/1.1.5.Final/arquillian-testenricher-initialcontext-1.1.5.Final.jar:/home/vojtech/.m2/repository/org/jboss/arquillian/testenricher/arquillian-testenricher-osgi/2.1.0.CR2/arquillian-testenricher-osgi-2.1.0.CR2.jar:/home/vojtech/.m2/repository/org/jboss/arquillian/testenricher/arquillian-testenricher-resource/1.1.5.Final/arquillian-testenricher-resource-1.1.5.Final.jar:/home/vojtech/.m2/repository/org/jboss/arquillian/protocol/arquillian-protocol-servlet/1.1.5.Final/arquillian-protocol-servlet-1.1.5.Final.jar:/home/vojtech/.m2/repository/org/wildfly/wildfly-arquillian-testenricher-msc/8.1.0.Final/wildfly-arquillian-testenricher-msc-8.1.0.Final.jar:/home/vojtech/.m2/repository/org/wildfly/wildfly-jmx/8.1.0.Final/wildfly-jmx-8.1.0.Final.jar:/home/vojtech/.m2/repository/org/osgi/org.osgi.core/5.0.0/org.osgi.core-5.0.0.jar:/home/vojtech/.m2/repository/org/wildfly/wildfly-arquillian-protocol-jmx/8.1.0.Final/wildfly-arquillian-protocol-jmx-8.1.0.Final.jar:/home/vojtech/.m2/repository/org/jboss/arquillian/protocol/arquillian-protocol-jmx/1.1.5.Final/arquillian-protocol-jmx-1.1.5.Final.jar:/home/vojtech/.m2/repository/org/jboss/osgi/metadata/jbosgi-metadata/3.0.1.Final/jbosgi-metadata-3.0.1.Final.jar:/home/vojtech/.m2/repository/org/jboss/xnio/xnio-api/3.2.2.Final/xnio-api-3.2.2.Final.jar:/home/vojtech/.m2/repository/org/jboss/xnio/xnio-nio/3.2.2.Final/xnio-nio-3.2.2.Final.jar:/home/vojtech/.m2/repository/org/jboss/marshalling/jboss-marshalling-river/1.4.6.Final/jboss-marshalling-river-1.4.6.Final.jar:/home/vojtech/.m2/repository/org/jboss/remotingjmx/remoting-jmx/2.0.0.Final/remoting-jmx-2.0.0.Final.jar:/home/vojtech/.m2/repository/javax/inject/javax.inject/1/javax.inject-1.jar:/home/vojtech/.m2/repository/org/jboss/arquillian/core/arquillian-core-api/1.1.5.Final/arquillian-core-api-1.1.5.Final.jar:/home/vojtech/.m2/repository/org/jboss/shrinkwrap/resolver/shrinkwrap-resolver-api/2.0.0/shrinkwrap-resolver-api-2.0.0.jar:/home/vojtech/.m2/repository/org/jboss/shrinkwrap/resolver/shrinkwrap-resolver-impl-maven/2.0.0/shrinkwrap-resolver-impl-maven-2.0.0.jar:/home/vojtech/.m2/repository/org/jboss/shrinkwrap/resolver/shrinkwrap-resolver-spi-maven/2.1.0/shrinkwrap-resolver-spi-maven-2.1.0.jar:/home/vojtech/.m2/repository/org/jboss/shrinkwrap/resolver/shrinkwrap-resolver-spi/2.1.0/shrinkwrap-resolver-spi-2.1.0.jar:/home/vojtech/.m2/repository/org/sonatype/aether/aether-api/1.13.1/aether-api-1.13.1.jar:/home/vojtech/.m2/repository/org/sonatype/aether/aether-impl/1.13.1/aether-impl-1.13.1.jar:/home/vojtech/.m2/repository/org/sonatype/aether/aether-spi/1.13.1/aether-spi-1.13.1.jar:/home/vojtech/.m2/repository/org/sonatype/aether/aether-util/1.13.1/aether-util-1.13.1.jar:/home/vojtech/.m2/repository/org/sonatype/aether/aether-connector-wagon/1.13.1/aether-connector-wagon-1.13.1.jar:/home/vojtech/.m2/repository/org/apache/maven/maven-model/3.0.5/maven-model-3.0.5.jar:/home/vojtech/.m2/repository/org/apache/maven/maven-model-builder/3.0.5/maven-model-builder-3.0.5.jar:/home/vojtech/.m2/repository/org/apache/maven/maven-repository-metadata/3.0.5/maven-repository-metadata-3.0.5.jar:/home/vojtech/.m2/repository/org/apache/maven/maven-settings/3.0.5/maven-settings-3.0.5.jar:/home/vojtech/.m2/repository/org/apache/maven/maven-settings-builder/3.0.5/maven-settings-builder-3.0.5.jar:/home/vojtech/.m2/repository/org/codehaus/plexus/plexus-interpolation/1.14/plexus-interpolation-1.14.jar:/home/vojtech/.m2/repository/org/codehaus/plexus/plexus-utils/2.0.6/plexus-utils-2.0.6.jar:/home/vojtech/.m2/repository/org/sonatype/plexus/plexus-sec-dispatcher/1.4/plexus-sec-dispatcher-1.4.jar:/home/vojtech/.m2/repository/org/sonatype/plexus/plexus-cipher/1.4/plexus-cipher-1.4.jar:/home/vojtech/.m2/repository/org/apache/maven/wagon/wagon-provider-api/2.4/wagon-provider-api-2.4.jar:/home/vojtech/.m2/repository/org/apache/maven/wagon/wagon-file/2.4/wagon-file-2.4.jar:/home/vojtech/.m2/repository/org/jboss/shrinkwrap/resolver/shrinkwrap-resolver-api-maven/2.0.0/shrinkwrap-resolver-api-maven-2.0.0.jar:/home/vojtech/.m2/repository/org/mockito/mockito-core/1.9.5/mockito-core-1.9.5.jar:/home/vojtech/.m2/repository/org/objenesis/objenesis/1.0/objenesis-1.0.jar:/home/vojtech/.m2/repository/net/sourceforge/htmlunit/htmlunit/2.7/htmlunit-2.7.jar:/home/vojtech/.m2/repository/xalan/xalan/2.7.1/xalan-2.7.1.jar:/home/vojtech/.m2/repository/xalan/serializer/2.7.1/serializer-2.7.1.jar:/home/vojtech/.m2/repository/commons-collections/commons-collections/3.2.1/commons-collections-3.2.1.jar:/home/vojtech/.m2/repository/commons-httpclient/commons-httpclient/3.1/commons-httpclient-3.1.jar:/home/vojtech/.m2/repository/commons-codec/commons-codec/1.4/commons-codec-1.4.jar:/home/vojtech/.m2/repository/net/sourceforge/htmlunit/htmlunit-core-js/2.7/htmlunit-core-js-2.7.jar:/home/vojtech/.m2/repository/xerces/xercesImpl/2.9.1/xercesImpl-2.9.1.jar:/home/vojtech/.m2/repository/xml-apis/xml-apis/1.3.04/xml-apis-1.3.04.jar:/home/vojtech/.m2/repository/net/sourceforge/nekohtml/nekohtml/1.9.14/nekohtml-1.9.14.jar:/home/vojtech/.m2/repository/net/sourceforge/cssparser/cssparser/0.9.5/cssparser-0.9.5.jar:/home/vojtech/.m2/repository/org/w3c/css/sac/1.3/sac-1.3.jar:/home/vojtech/.m2/repository/commons-io/commons-io/1.4/commons-io-1.4.jar:/home/vojtech/.m2/repository/commons-logging/commons-logging/1.1.1/commons-logging-1.1.1.jar:"/>
    <property name="java.specification.name" value="Java Platform API Specification"/>
    <property name="java.class.version" value="51.0"/>
    <property name="sun.management.compiler" value="HotSpot 64-Bit Tiered Compilers"/>
    <property name="javax.xml.stream.XMLEventFactory" value="__redirected.__XMLEventFactory"/>
    <property name="os.version" value="3.13.0-43-generic"/>
    <property name="user.home" value="/home/vojtech"/>
    <property name="user.timezone" value=""/>
    <property name="java.awt.printerjob" value="sun.print.PSPrinterJob"/>
    <property name="java.specification.version" value="1.7"/>
    <property name="file.encoding" value="UTF-8"/>
    <property name="javax.xml.transform.TransformerFactory" value="__redirected.__TransformerFactory"/>
    <property name="user.name" value="vojtech"/>
    <property name="java.class.path" value="/data/fi/dp/self-monitor/code/wildfly-self-monitor2/wildfly-self-monitor/selfmonitor/target/test-classes:/data/fi/dp/self-monitor/code/wildfly-self-monitor2/wildfly-self-monitor/selfmonitor/target/classes:/home/vojtech/.m2/repository/org/wildfly/wildfly-controller/8.1.0.Final/wildfly-controller-8.1.0.Final.jar:/home/vojtech/.m2/repository/org/jboss/jboss-dmr/1.2.0.Final/jboss-dmr-1.2.0.Final.jar:/home/vojtech/.m2/repository/org/wildfly/security/wildfly-security-manager/1.0.0.Final/wildfly-security-manager-1.0.0.Final.jar:/home/vojtech/.m2/repository/org/wildfly/wildfly-core-security/8.1.0.Final/wildfly-core-security-8.1.0.Final.jar:/home/vojtech/.m2/repository/org/wildfly/wildfly-core-security-api/8.1.0.Final/wildfly-core-security-api-8.1.0.Final.jar:/home/vojtech/.m2/repository/org/jboss/modules/jboss-modules/1.3.3.Final/jboss-modules-1.3.3.Final.jar:/home/vojtech/.m2/repository/org/jboss/logmanager/jboss-logmanager/1.5.2.Final/jboss-logmanager-1.5.2.Final.jar:/home/vojtech/.m2/repository/org/jboss/staxmapper/1.1.0.Final/staxmapper-1.1.0.Final.jar:/home/vojtech/.m2/repository/org/wildfly/wildfly-build-config/8.1.0.Final/wildfly-build-config-8.1.0.Final.jar:/home/vojtech/.m2/repository/org/wildfly/wildfly-server/8.1.0.Final/wildfly-server-8.1.0.Final.jar:/home/vojtech/.m2/repository/org/wildfly/wildfly-domain-http-interface/8.1.0.Final/wildfly-domain-http-interface-8.1.0.Final.jar:/home/vojtech/.m2/repository/org/wildfly/wildfly-domain-management/8.1.0.Final/wildfly-domain-management-8.1.0.Final.jar:/home/vojtech/.m2/repository/org/wildfly/wildfly-deployment-repository/8.1.0.Final/wildfly-deployment-repository-8.1.0.Final.jar:/home/vojtech/.m2/repository/org/wildfly/wildfly-patching/8.1.0.Final/wildfly-patching-8.1.0.Final.jar:/home/vojtech/.m2/repository/org/wildfly/wildfly-cli/8.1.0.Final/wildfly-cli-8.1.0.Final.jar:/home/vojtech/.m2/repository/org/jboss/aesh/aesh/0.33.11/aesh-0.33.11.jar:/home/vojtech/.m2/repository/org/fusesource/jansi/jansi/1.9/jansi-1.9.jar:/usr/lib/jvm/java-7-openjdk-amd64/jre/../lib/jconsole.jar:/home/vojtech/.m2/repository/org/wildfly/wildfly-platform-mbean/8.1.0.Final/wildfly-platform-mbean-8.1.0.Final.jar:/home/vojtech/.m2/repository/org/wildfly/wildfly-process-controller/8.1.0.Final/wildfly-process-controller-8.1.0.Final.jar:/home/vojtech/.m2/repository/org/wildfly/wildfly-remoting/8.1.0.Final/wildfly-remoting-8.1.0.Final.jar:/home/vojtech/.m2/repository/org/wildfly/wildfly-io/8.1.0.Final/wildfly-io-8.1.0.Final.jar:/home/vojtech/.m2/repository/org/wildfly/wildfly-network/8.1.0.Final/wildfly-network-8.1.0.Final.jar:/home/vojtech/.m2/repository/org/wildfly/wildfly-version/8.1.0.Final/wildfly-version-8.1.0.Final.jar:/home/vojtech/.m2/repository/org/jboss/jandex/1.1.0.Final/jandex-1.1.0.Final.jar:/home/vojtech/.m2/repository/org/jboss/invocation/jboss-invocation/1.2.1.Final/jboss-invocation-1.2.1.Final.jar:/home/vojtech/.m2/repository/org/jboss/logging/jboss-logging/3.1.4.GA/jboss-logging-3.1.4.GA.jar:/home/vojtech/.m2/repository/org/jboss/marshalling/jboss-marshalling/1.4.6.Final/jboss-marshalling-1.4.6.Final.jar:/home/vojtech/.m2/repository/org/jboss/remoting/jboss-remoting/4.0.3.Final/jboss-remoting-4.0.3.Final.jar:/home/vojtech/.m2/repository/org/jboss/sasl/jboss-sasl/1.0.4.Final/jboss-sasl-1.0.4.Final.jar:/home/vojtech/.m2/repository/org/jboss/stdio/jboss-stdio/1.0.2.GA/jboss-stdio-1.0.2.GA.jar:/home/vojtech/.m2/repository/org/jboss/threads/jboss-threads/2.1.1.Final/jboss-threads-2.1.1.Final.jar:/home/vojtech/.m2/repository/org/jboss/jboss-vfs/3.2.5.Final/jboss-vfs-3.2.5.Final.jar:/home/vojtech/.m2/repository/io/undertow/undertow-core/1.0.15.Final/undertow-core-1.0.15.Final.jar:/home/vojtech/.m2/repository/org/wildfly/wildfly-jpa/8.1.0.Final/wildfly-jpa-8.1.0.Final.jar:/home/vojtech/.m2/repository/org/wildfly/wildfly-ejb3/8.1.0.Final/wildfly-ejb3-8.1.0.Final.jar:/home/vojtech/.m2/repository/org/wildfly/wildfly-connector/8.1.0.Final/wildfly-connector-8.1.0.Final.jar:/home/vojtech/.m2/repository/org/wildfly/wildfly-naming/8.1.0.Final/wildfly-naming-8.1.0.Final.jar:/home/vojtech/.m2/repository/org/jboss/jboss-remote-naming/2.0.1.Final/jboss-remote-naming-2.0.1.Final.jar:/home/vojtech/.m2/repository/org/wildfly/wildfly-threads/8.1.0.Final/wildfly-threads-8.1.0.Final.jar:/home/vojtech/.m2/repository/org/jboss/ironjacamar/ironjacamar-core-api/1.1.5.Final/ironjacamar-core-api-1.1.5.Final.jar:/home/vojtech/.m2/repository/org/jboss/ironjacamar/ironjacamar-spec-api/1.1.5.Final/ironjacamar-spec-api-1.1.5.Final.jar:/home/vojtech/.m2/repository/org/jboss/ironjacamar/ironjacamar-core-impl/1.1.5.Final/ironjacamar-core-impl-1.1.5.Final.jar:/home/vojtech/.m2/repository/org/jboss/ironjacamar/ironjacamar-common-api/1.1.5.Final/ironjacamar-common-api-1.1.5.Final.jar:/home/vojtech/.m2/repository/org/jboss/ironjacamar/ironjacamar-common-spi/1.1.5.Final/ironjacamar-common-spi-1.1.5.Final.jar:/home/vojtech/.m2/repository/org/jboss/ironjacamar/ironjacamar-common-impl/1.1.5.Final/ironjacamar-common-impl-1.1.5.Final.jar:/home/vojtech/.m2/repository/org/jboss/ironjacamar/ironjacamar-deployers-common/1.1.5.Final/ironjacamar-deployers-common-1.1.5.Final.jar:/home/vojtech/.m2/repository/org/jboss/ironjacamar/ironjacamar-jdbc/1.1.5.Final/ironjacamar-jdbc-1.1.5.Final.jar:/home/vojtech/.m2/repository/org/jboss/ironjacamar/ironjacamar-validator/1.1.5.Final/ironjacamar-validator-1.1.5.Final.jar:/home/vojtech/.m2/repository/org/picketbox/picketbox/4.0.21.Beta1/picketbox-4.0.21.Beta1.jar:/home/vojtech/.m2/repository/org/wildfly/wildfly-clustering-api/8.1.0.Final/wildfly-clustering-api-8.1.0.Final.jar:/home/vojtech/.m2/repository/org/wildfly/wildfly-clustering-common/8.1.0.Final/wildfly-clustering-common-8.1.0.Final.jar:/home/vojtech/.m2/repository/org/wildfly/wildfly-clustering-ejb-spi/8.1.0.Final/wildfly-clustering-ejb-spi-8.1.0.Final.jar:/home/vojtech/.m2/repository/org/wildfly/wildfly-ee/8.1.0.Final/wildfly-ee-8.1.0.Final.jar:/home/vojtech/.m2/repository/org/glassfish/javax.enterprise.concurrent/1.0/javax.enterprise.concurrent-1.0.jar:/home/vojtech/.m2/repository/org/jboss/metadata/jboss-metadata-common/8.0.0.Final/jboss-metadata-common-8.0.0.Final.jar:/home/vojtech/.m2/repository/org/jboss/metadata/jboss-metadata-ear/8.0.0.Final/jboss-metadata-ear-8.0.0.Final.jar:/home/vojtech/.m2/repository/org/jboss/spec/javax/enterprise/concurrent/jboss-concurrency-api_1.0_spec/1.0.0.Final/jboss-concurrency-api_1.0_spec-1.0.0.Final.jar:/home/vojtech/.m2/repository/org/wildfly/wildfly-jacorb/8.1.0.Final/wildfly-jacorb-8.1.0.Final.jar:/home/vojtech/.m2/repository/org/jacorb/jacorb/2.3.2-jbossorg-5/jacorb-2.3.2-jbossorg-5.jar:/home/vojtech/.m2/repository/org/jboss/narayana/jts/narayana-jts-jacorb/5.0.0.Final/narayana-jts-jacorb-5.0.0.Final.jar:/home/vojtech/.m2/repository/org/hornetq/hornetq-journal/2.3.9.Final/hornetq-journal-2.3.9.Final.jar:/home/vojtech/.m2/repository/org/hornetq/hornetq-commons/2.3.9.Final/hornetq-commons-2.3.9.Final.jar:/home/vojtech/.m2/repository/org/jboss/spec/javax/rmi/jboss-rmi-api_1.0_spec/1.0.4.Final/jboss-rmi-api_1.0_spec-1.0.4.Final.jar:/home/vojtech/.m2/repository/org/wildfly/wildfly-security/8.1.0.Final/wildfly-security-8.1.0.Final.jar:/home/vojtech/.m2/repository/org/wildfly/wildfly-clustering-infinispan/8.1.0.Final/wildfly-clustering-infinispan-8.1.0.Final.jar:/home/vojtech/.m2/repository/org/wildfly/wildfly-clustering-jgroups/8.1.0.Final/wildfly-clustering-jgroups-8.1.0.Final.jar:/home/vojtech/.m2/repository/org/jgroups/jgroups/3.4.3.Final/jgroups-3.4.3.Final.jar:/home/vojtech/.m2/repository/org/infinispan/infinispan-core/6.0.2.Final/infinispan-core-6.0.2.Final.jar:/home/vojtech/.m2/repository/org/infinispan/infinispan-commons/6.0.2.Final/infinispan-commons-6.0.2.Final.jar:/home/vojtech/.m2/repository/org/infinispan/infinispan-cachestore-jdbc/6.0.2.Final/infinispan-cachestore-jdbc-6.0.2.Final.jar:/home/vojtech/.m2/repository/org/infinispan/infinispan-cachestore-remote/6.0.2.Final/infinispan-cachestore-remote-6.0.2.Final.jar:/home/vojtech/.m2/repository/org/infinispan/infinispan-client-hotrod/6.0.2.Final/infinispan-client-hotrod-6.0.2.Final.jar:/home/vojtech/.m2/repository/commons-pool/commons-pool/1.6/commons-pool-1.6.jar:/home/vojtech/.m2/repository/net/jcip/jcip-annotations/1.0/jcip-annotations-1.0.jar:/home/vojtech/.m2/repository/org/jboss/security/jboss-negotiation-extras/2.2.7.Final/jboss-negotiation-extras-2.2.7.Final.jar:/home/vojtech/.m2/repository/org/jboss/security/jboss-negotiation-common/2.2.7.Final/jboss-negotiation-common-2.2.7.Final.jar:/home/vojtech/.m2/repository/org/jboss/spec/javax/servlet/jboss-servlet-api_3.0_spec/1.0.1.Final/jboss-servlet-api_3.0_spec-1.0.1.Final.jar:/home/vojtech/.m2/repository/org/jboss/security/jboss-negotiation-spnego/2.2.7.Final/jboss-negotiation-spnego-2.2.7.Final.jar:/home/vojtech/.m2/repository/org/jboss/spec/javax/security/jacc/jboss-jacc-api_1.5_spec/1.0.0.Final/jboss-jacc-api_1.5_spec-1.0.0.Final.jar:/home/vojtech/.m2/repository/org/jboss/spec/javax/servlet/jboss-servlet-api_3.1_spec/1.0.0.Final/jboss-servlet-api_3.1_spec-1.0.0.Final.jar:/home/vojtech/.m2/repository/org/picketbox/picketbox-infinispan/4.0.21.Beta1/picketbox-infinispan-4.0.21.Beta1.jar:/home/vojtech/.m2/repository/org/picketbox/picketbox-commons/1.0.0.final/picketbox-commons-1.0.0.final.jar:/home/vojtech/.m2/repository/commons-cli/commons-cli/1.2/commons-cli-1.2.jar:/home/vojtech/.m2/repository/org/wildfly/wildfly-transactions/8.1.0.Final/wildfly-transactions-8.1.0.Final.jar:/home/vojtech/.m2/repository/org/jboss/jboss-transaction-spi/7.1.0.Final/jboss-transaction-spi-7.1.0.Final.jar:/home/vojtech/.m2/repository/org/jboss/narayana/jts/narayana-jts-integration/5.0.0.Final/narayana-jts-integration-5.0.0.Final.jar:/home/vojtech/.m2/repository/org/jboss/spec/javax/resource/jboss-connector-api_1.7_spec/1.0.0.Final/jboss-connector-api_1.7_spec-1.0.0.Final.jar:/home/vojtech/.m2/repository/org/jboss/jboss-common-core/2.2.22.GA/jboss-common-core-2.2.22.GA.jar:/home/vojtech/.m2/repository/org/jboss/classfilewriter/jboss-classfilewriter/1.0.4.Final/jboss-classfilewriter-1.0.4.Final.jar:/home/vojtech/.m2/repository/org/jboss/jboss-ejb-client/2.0.1.Final/jboss-ejb-client-2.0.1.Final.jar:/home/vojtech/.m2/repository/org/jboss/jboss-iiop-client/1.0.0.Final/jboss-iiop-client-1.0.0.Final.jar:/home/vojtech/.m2/repository/org/jboss/metadata/jboss-metadata-ejb/8.0.0.Final/jboss-metadata-ejb-8.0.0.Final.jar:/home/vojtech/.m2/repository/org/jboss/ejb3/jboss-ejb3-ext-api/2.1.0/jboss-ejb3-ext-api-2.1.0.jar:/home/vojtech/.m2/repository/org/jboss/spec/javax/ejb/jboss-ejb-api_3.2_spec/1.0.0.Final/jboss-ejb-api_3.2_spec-1.0.0.Final.jar:/home/vojtech/.m2/repository/org/jboss/spec/javax/jms/jboss-jms-api_2.0_spec/1.0.0.Final/jboss-jms-api_2.0_spec-1.0.0.Final.jar:/home/vojtech/.m2/repository/org/jboss/spec/javax/xml/rpc/jboss-jaxrpc-api_1.1_spec/1.0.1.Final/jboss-jaxrpc-api_1.1_spec-1.0.1.Final.jar:/home/vojtech/.m2/repository/org/jipijapa/jipijapa-spi/1.0.1.Final/jipijapa-spi-1.0.1.Final.jar:/home/vojtech/.m2/repository/org/jboss/weld/weld-core-impl/2.1.2.Final/weld-core-impl-2.1.2.Final.jar:/home/vojtech/.m2/repository/org/jboss/spec/javax/annotation/jboss-annotations-api_1.2_spec/1.0.0.Final/jboss-annotations-api_1.2_spec-1.0.0.Final.jar:/home/vojtech/.m2/repository/com/google/guava/guava/13.0.1/guava-13.0.1.jar:/home/vojtech/.m2/repository/org/jboss/spec/javax/interceptor/jboss-interceptors-api_1.2_spec/1.0.0.Final/jboss-interceptors-api_1.2_spec-1.0.0.Final.jar:/home/vojtech/.m2/repository/org/jboss/spec/javax/el/jboss-el-api_3.0_spec/1.0.0.Final/jboss-el-api_3.0_spec-1.0.0.Final.jar:/home/vojtech/.m2/repository/javax/enterprise/cdi-api/1.1/cdi-api-1.1.jar:/home/vojtech/.m2/repository/junit/junit/4.11/junit-4.11.jar:/home/vojtech/.m2/repository/org/hamcrest/hamcrest-core/1.3/hamcrest-core-1.3.jar:/home/vojtech/.m2/repository/org/hibernate/hibernate-validator/5.1.0.Final/hibernate-validator-5.1.0.Final.jar:/home/vojtech/.m2/repository/javax/validation/validation-api/1.1.0.Final/validation-api-1.1.0.Final.jar:/home/vojtech/.m2/repository/com/fasterxml/classmate/1.0.0/classmate-1.0.0.jar:/home/vojtech/.m2/repository/org/hibernate/hibernate-core/4.3.5.Final/hibernate-core-4.3.5.Final.jar:/home/vojtech/.m2/repository/org/jboss/logging/jboss-logging-annotations/1.2.0.Beta1/jboss-logging-annotations-1.2.0.Beta1.jar:/home/vojtech/.m2/repository/org/jboss/spec/javax/transaction/jboss-transaction-api_1.2_spec/1.0.0.Final/jboss-transaction-api_1.2_spec-1.0.0.Final.jar:/home/vojtech/.m2/repository/dom4j/dom4j/1.6.1/dom4j-1.6.1.jar:/home/vojtech/.m2/repository/org/hibernate/common/hibernate-commons-annotations/4.0.4.Final/hibernate-commons-annotations-4.0.4.Final.jar:/home/vojtech/.m2/repository/org/javassist/javassist/3.18.1-GA/javassist-3.18.1-GA.jar:/home/vojtech/.m2/repository/antlr/antlr/2.7.7/antlr-2.7.7.jar:/home/vojtech/.m2/repository/org/hibernate/hibernate-entitymanager/4.3.5.Final/hibernate-entitymanager-4.3.5.Final.jar:/home/vojtech/.m2/repository/org/hibernate/javax/persistence/hibernate-jpa-2.1-api/1.0.0.Final/hibernate-jpa-2.1-api-1.0.0.Final.jar:/home/vojtech/.m2/repository/org/wildfly/wildfly-controller-client/8.1.0.Final/wildfly-controller-client-8.1.0.Final.jar:/home/vojtech/.m2/repository/org/wildfly/wildfly-protocol/8.1.0.Final/wildfly-protocol-8.1.0.Final.jar:/home/vojtech/.m2/repository/org/jboss/msc/jboss-msc/1.2.2.Final/jboss-msc-1.2.2.Final.jar:/home/vojtech/.m2/repository/commons-lang/commons-lang/2.4/commons-lang-2.4.jar:/home/vojtech/.m2/repository/org/wildfly/wildfly-subsystem-test-framework/8.1.0.Final/wildfly-subsystem-test-framework-8.1.0.Final.jar:/home/vojtech/.m2/repository/org/apache/maven/maven-aether-provider/3.1.1/maven-aether-provider-3.1.1.jar:/home/vojtech/.m2/repository/org/eclipse/aether/aether-api/0.9.0.M2/aether-api-0.9.0.M2.jar:/home/vojtech/.m2/repository/org/eclipse/aether/aether-spi/0.9.0.M2/aether-spi-0.9.0.M2.jar:/home/vojtech/.m2/repository/org/eclipse/aether/aether-util/0.9.0.M2/aether-util-0.9.0.M2.jar:/home/vojtech/.m2/repository/org/eclipse/aether/aether-impl/0.9.0.M2/aether-impl-0.9.0.M2.jar:/home/vojtech/.m2/repository/org/codehaus/plexus/plexus-component-annotations/1.5.5/plexus-component-annotations-1.5.5.jar:/home/vojtech/.m2/repository/org/jboss/slf4j/slf4j-jboss-logmanager/1.0.3.GA/slf4j-jboss-logmanager-1.0.3.GA.jar:/home/vojtech/.m2/repository/org/wildfly/wildfly-model-test/8.1.0.Final/wildfly-model-test-8.1.0.Final.jar:/home/vojtech/.m2/repository/org/eclipse/aether/aether-connector-basic/0.9.0.M3/aether-connector-basic-0.9.0.M3.jar:/home/vojtech/.m2/repository/org/eclipse/aether/aether-transport-file/0.9.0.M3/aether-transport-file-0.9.0.M3.jar:/home/vojtech/.m2/repository/org/eclipse/aether/aether-transport-http/0.9.0.M3/aether-transport-http-0.9.0.M3.jar:/home/vojtech/.m2/repository/org/apache/httpcomponents/httpclient/4.2.5/httpclient-4.2.5.jar:/home/vojtech/.m2/repository/org/slf4j/jcl-over-slf4j/1.6.2/jcl-over-slf4j-1.6.2.jar:/home/vojtech/.m2/repository/org/quartz-scheduler/quartz/2.1.7/quartz-2.1.7.jar:/home/vojtech/.m2/repository/c3p0/c3p0/0.9.1.1/c3p0-0.9.1.1.jar:/home/vojtech/.m2/repository/org/slf4j/slf4j-api/1.6.1/slf4j-api-1.6.1.jar:/home/vojtech/.m2/repository/org/jboss/as/jboss-as-subsystem-test/7.2.0.Final/jboss-as-subsystem-test-7.2.0.Final.jar:/home/vojtech/.m2/repository/org/apache/maven/wagon/wagon-http-lightweight/2.2/wagon-http-lightweight-2.2.jar:/home/vojtech/.m2/repository/org/apache/maven/wagon/wagon-http-shared4/2.2/wagon-http-shared4-2.2.jar:/home/vojtech/.m2/repository/org/jsoup/jsoup/1.6.1/jsoup-1.6.1.jar:/home/vojtech/.m2/repository/org/apache/httpcomponents/httpcore/4.1.2/httpcore-4.1.2.jar:/home/vojtech/.m2/repository/org/jboss/as/jboss-as-controller/7.2.0.Final/jboss-as-controller-7.2.0.Final.jar:/home/vojtech/.m2/repository/org/jboss/as/jboss-as-controller-client/7.2.0.Final/jboss-as-controller-client-7.2.0.Final.jar:/home/vojtech/.m2/repository/org/jboss/as/jboss-as-protocol/7.2.0.Final/jboss-as-protocol-7.2.0.Final.jar:/home/vojtech/.m2/repository/org/jboss/as/jboss-as-model-test/7.2.0.Final/jboss-as-model-test-7.2.0.Final.jar:/home/vojtech/.m2/repository/org/sonatype/aether/aether-connector-file/1.13.1/aether-connector-file-1.13.1.jar:/home/vojtech/.m2/repository/org/sonatype/aether/aether-connector-asynchttpclient/1.13.1/aether-connector-asynchttpclient-1.13.1.jar:/home/vojtech/.m2/repository/com/ning/async-http-client/1.6.5/async-http-client-1.6.5.jar:/home/vojtech/.m2/repository/org/jboss/as/jboss-as-server/7.2.0.Final/jboss-as-server-7.2.0.Final.jar:/home/vojtech/.m2/repository/org/jboss/as/jboss-as-domain-http-interface/7.2.0.Final/jboss-as-domain-http-interface-7.2.0.Final.jar:/home/vojtech/.m2/repository/org/jboss/as/jboss-as-domain-management/7.2.0.Final/jboss-as-domain-management-7.2.0.Final.jar:/home/vojtech/.m2/repository/org/jboss/com/sun/httpserver/httpserver/1.0.1.Final/httpserver-1.0.1.Final.jar:/home/vojtech/.m2/repository/org/jboss/as/jboss-as-deployment-repository/7.2.0.Final/jboss-as-deployment-repository-7.2.0.Final.jar:/home/vojtech/.m2/repository/org/jboss/as/jboss-as-platform-mbean/7.2.0.Final/jboss-as-platform-mbean-7.2.0.Final.jar:/home/vojtech/.m2/repository/org/jboss/as/jboss-as-process-controller/7.2.0.Final/jboss-as-process-controller-7.2.0.Final.jar:/usr/lib/jvm/java-7-openjdk-amd64/jre/../lib/tools.jar:/home/vojtech/.m2/repository/org/jboss/as/jboss-as-remoting/7.2.0.Final/jboss-as-remoting-7.2.0.Final.jar:/home/vojtech/.m2/repository/org/jboss/as/jboss-as-network/7.2.0.Final/jboss-as-network-7.2.0.Final.jar:/home/vojtech/.m2/repository/org/jboss/as/jboss-as-version/7.2.0.Final/jboss-as-version-7.2.0.Final.jar:/home/vojtech/.m2/repository/org/jboss/logmanager/log4j-jboss-logmanager/1.0.1.Final/log4j-jboss-logmanager-1.0.1.Final.jar:/home/vojtech/.m2/repository/org/jboss/remoting3/jboss-remoting/3.2.14.GA/jboss-remoting-3.2.14.GA.jar:/home/vojtech/.m2/repository/org/jboss/as/jboss-as-build-config/7.2.0.Final/jboss-as-build-config-7.2.0.Final.jar:/home/vojtech/.m2/repository/org/jboss/arquillian/junit/arquillian-junit-container/1.1.5.Final/arquillian-junit-container-1.1.5.Final.jar:/home/vojtech/.m2/repository/org/jboss/arquillian/junit/arquillian-junit-core/1.1.5.Final/arquillian-junit-core-1.1.5.Final.jar:/home/vojtech/.m2/repository/org/jboss/arquillian/test/arquillian-test-api/1.1.5.Final/arquillian-test-api-1.1.5.Final.jar:/home/vojtech/.m2/repository/org/jboss/arquillian/test/arquillian-test-spi/1.1.5.Final/arquillian-test-spi-1.1.5.Final.jar:/home/vojtech/.m2/repository/org/jboss/arquillian/core/arquillian-core-spi/1.1.5.Final/arquillian-core-spi-1.1.5.Final.jar:/home/vojtech/.m2/repository/org/jboss/arquillian/container/arquillian-container-test-api/1.1.5.Final/arquillian-container-test-api-1.1.5.Final.jar:/home/vojtech/.m2/repository/org/jboss/shrinkwrap/shrinkwrap-api/1.2.2/shrinkwrap-api-1.2.2.jar:/home/vojtech/.m2/repository/org/jboss/arquillian/container/arquillian-container-test-spi/1.1.5.Final/arquillian-container-test-spi-1.1.5.Final.jar:/home/vojtech/.m2/repository/org/jboss/arquillian/container/arquillian-container-spi/1.1.5.Final/arquillian-container-spi-1.1.5.Final.jar:/home/vojtech/.m2/repository/org/jboss/shrinkwrap/descriptors/shrinkwrap-descriptors-api-base/2.0.0-alpha-5/shrinkwrap-descriptors-api-base-2.0.0-alpha-5.jar:/home/vojtech/.m2/repository/org/jboss/arquillian/core/arquillian-core-impl-base/1.1.5.Final/arquillian-core-impl-base-1.1.5.Final.jar:/home/vojtech/.m2/repository/org/jboss/arquillian/test/arquillian-test-impl-base/1.1.5.Final/arquillian-test-impl-base-1.1.5.Final.jar:/home/vojtech/.m2/repository/org/jboss/arquillian/container/arquillian-container-impl-base/1.1.5.Final/arquillian-container-impl-base-1.1.5.Final.jar:/home/vojtech/.m2/repository/org/jboss/arquillian/config/arquillian-config-api/1.1.5.Final/arquillian-config-api-1.1.5.Final.jar:/home/vojtech/.m2/repository/org/jboss/arquillian/config/arquillian-config-impl-base/1.1.5.Final/arquillian-config-impl-base-1.1.5.Final.jar:/home/vojtech/.m2/repository/org/jboss/shrinkwrap/descriptors/shrinkwrap-descriptors-spi/2.0.0-alpha-5/shrinkwrap-descriptors-spi-2.0.0-alpha-5.jar:/home/vojtech/.m2/repository/org/easytesting/fest-assert/1.4/fest-assert-1.4.jar:/home/vojtech/.m2/repository/org/easytesting/fest-util/1.1.6/fest-util-1.1.6.jar:/home/vojtech/.m2/repository/org/jboss/arquillian/container/arquillian-container-test-impl-base/1.1.5.Final/arquillian-container-test-impl-base-1.1.5.Final.jar:/home/vojtech/.m2/repository/org/jboss/shrinkwrap/shrinkwrap-impl-base/1.2.2/shrinkwrap-impl-base-1.2.2.jar:/home/vojtech/.m2/repository/org/jboss/shrinkwrap/shrinkwrap-spi/1.2.2/shrinkwrap-spi-1.2.2.jar:/home/vojtech/.m2/repository/org/wildfly/wildfly-arquillian-container-managed/8.1.0.Final/wildfly-arquillian-container-managed-8.1.0.Final.jar:/home/vojtech/.m2/repository/org/wildfly/wildfly-arquillian-common/8.1.0.Final/wildfly-arquillian-common-8.1.0.Final.jar:/home/vojtech/.m2/repository/org/jboss/arquillian/testenricher/arquillian-testenricher-cdi/1.1.5.Final/arquillian-testenricher-cdi-1.1.5.Final.jar:/home/vojtech/.m2/repository/org/jboss/arquillian/testenricher/arquillian-testenricher-ejb/1.1.5.Final/arquillian-testenricher-ejb-1.1.5.Final.jar:/home/vojtech/.m2/repository/org/jboss/arquillian/testenricher/arquillian-testenricher-initialcontext/1.1.5.Final/arquillian-testenricher-initialcontext-1.1.5.Final.jar:/home/vojtech/.m2/repository/org/jboss/arquillian/testenricher/arquillian-testenricher-osgi/2.1.0.CR2/arquillian-testenricher-osgi-2.1.0.CR2.jar:/home/vojtech/.m2/repository/org/jboss/arquillian/testenricher/arquillian-testenricher-resource/1.1.5.Final/arquillian-testenricher-resource-1.1.5.Final.jar:/home/vojtech/.m2/repository/org/jboss/arquillian/protocol/arquillian-protocol-servlet/1.1.5.Final/arquillian-protocol-servlet-1.1.5.Final.jar:/home/vojtech/.m2/repository/org/wildfly/wildfly-arquillian-testenricher-msc/8.1.0.Final/wildfly-arquillian-testenricher-msc-8.1.0.Final.jar:/home/vojtech/.m2/repository/org/wildfly/wildfly-jmx/8.1.0.Final/wildfly-jmx-8.1.0.Final.jar:/home/vojtech/.m2/repository/org/osgi/org.osgi.core/5.0.0/org.osgi.core-5.0.0.jar:/home/vojtech/.m2/repository/org/wildfly/wildfly-arquillian-protocol-jmx/8.1.0.Final/wildfly-arquillian-protocol-jmx-8.1.0.Final.jar:/home/vojtech/.m2/repository/org/jboss/arquillian/protocol/arquillian-protocol-jmx/1.1.5.Final/arquillian-protocol-jmx-1.1.5.Final.jar:/home/vojtech/.m2/repository/org/jboss/osgi/metadata/jbosgi-metadata/3.0.1.Final/jbosgi-metadata-3.0.1.Final.jar:/home/vojtech/.m2/repository/org/jboss/xnio/xnio-api/3.2.2.Final/xnio-api-3.2.2.Final.jar:/home/vojtech/.m2/repository/org/jboss/xnio/xnio-nio/3.2.2.Final/xnio-nio-3.2.2.Final.jar:/home/vojtech/.m2/repository/org/jboss/marshalling/jboss-marshalling-river/1.4.6.Final/jboss-marshalling-river-1.4.6.Final.jar:/home/vojtech/.m2/repository/org/jboss/remotingjmx/remoting-jmx/2.0.0.Final/remoting-jmx-2.0.0.Final.jar:/home/vojtech/.m2/repository/javax/inject/javax.inject/1/javax.inject-1.jar:/home/vojtech/.m2/repository/org/jboss/arquillian/core/arquillian-core-api/1.1.5.Final/arquillian-core-api-1.1.5.Final.jar:/home/vojtech/.m2/repository/org/jboss/shrinkwrap/resolver/shrinkwrap-resolver-api/2.0.0/shrinkwrap-resolver-api-2.0.0.jar:/home/vojtech/.m2/repository/org/jboss/shrinkwrap/resolver/shrinkwrap-resolver-impl-maven/2.0.0/shrinkwrap-resolver-impl-maven-2.0.0.jar:/home/vojtech/.m2/repository/org/jboss/shrinkwrap/resolver/shrinkwrap-resolver-spi-maven/2.1.0/shrinkwrap-resolver-spi-maven-2.1.0.jar:/home/vojtech/.m2/repository/org/jboss/shrinkwrap/resolver/shrinkwrap-resolver-spi/2.1.0/shrinkwrap-resolver-spi-2.1.0.jar:/home/vojtech/.m2/repository/org/sonatype/aether/aether-api/1.13.1/aether-api-1.13.1.jar:/home/vojtech/.m2/repository/org/sonatype/aether/aether-impl/1.13.1/aether-impl-1.13.1.jar:/home/vojtech/.m2/repository/org/sonatype/aether/aether-spi/1.13.1/aether-spi-1.13.1.jar:/home/vojtech/.m2/repository/org/sonatype/aether/aether-util/1.13.1/aether-util-1.13.1.jar:/home/vojtech/.m2/repository/org/sonatype/aether/aether-connector-wagon/1.13.1/aether-connector-wagon-1.13.1.jar:/home/vojtech/.m2/repository/org/apache/maven/maven-model/3.0.5/maven-model-3.0.5.jar:/home/vojtech/.m2/repository/org/apache/maven/maven-model-builder/3.0.5/maven-model-builder-3.0.5.jar:/home/vojtech/.m2/repository/org/apache/maven/maven-repository-metadata/3.0.5/maven-repository-metadata-3.0.5.jar:/home/vojtech/.m2/repository/org/apache/maven/maven-settings/3.0.5/maven-settings-3.0.5.jar:/home/vojtech/.m2/repository/org/apache/maven/maven-settings-builder/3.0.5/maven-settings-builder-3.0.5.jar:/home/vojtech/.m2/repository/org/codehaus/plexus/plexus-interpolation/1.14/plexus-interpolation-1.14.jar:/home/vojtech/.m2/repository/org/codehaus/plexus/plexus-utils/2.0.6/plexus-utils-2.0.6.jar:/home/vojtech/.m2/repository/org/sonatype/plexus/plexus-sec-dispatcher/1.4/plexus-sec-dispatcher-1.4.jar:/home/vojtech/.m2/repository/org/sonatype/plexus/plexus-cipher/1.4/plexus-cipher-1.4.jar:/home/vojtech/.m2/repository/org/apache/maven/wagon/wagon-provider-api/2.4/wagon-provider-api-2.4.jar:/home/vojtech/.m2/repository/org/apache/maven/wagon/wagon-file/2.4/wagon-file-2.4.jar:/home/vojtech/.m2/repository/org/jboss/shrinkwrap/resolver/shrinkwrap-resolver-api-maven/2.0.0/shrinkwrap-resolver-api-maven-2.0.0.jar:/home/vojtech/.m2/repository/org/mockito/mockito-core/1.9.5/mockito-core-1.9.5.jar:/home/vojtech/.m2/repository/org/objenesis/objenesis/1.0/objenesis-1.0.jar:/home/vojtech/.m2/repository/net/sourceforge/htmlunit/htmlunit/2.7/htmlunit-2.7.jar:/home/vojtech/.m2/repository/xalan/xalan/2.7.1/xalan-2.7.1.jar:/home/vojtech/.m2/repository/xalan/serializer/2.7.1/serializer-2.7.1.jar:/home/vojtech/.m2/repository/commons-collections/commons-collections/3.2.1/commons-collections-3.2.1.jar:/home/vojtech/.m2/repository/commons-httpclient/commons-httpclient/3.1/commons-httpclient-3.1.jar:/home/vojtech/.m2/repository/commons-codec/commons-codec/1.4/commons-codec-1.4.jar:/home/vojtech/.m2/repository/net/sourceforge/htmlunit/htmlunit-core-js/2.7/htmlunit-core-js-2.7.jar:/home/vojtech/.m2/repository/xerces/xercesImpl/2.9.1/xercesImpl-2.9.1.jar:/home/vojtech/.m2/repository/xml-apis/xml-apis/1.3.04/xml-apis-1.3.04.jar:/home/vojtech/.m2/repository/net/sourceforge/nekohtml/nekohtml/1.9.14/nekohtml-1.9.14.jar:/home/vojtech/.m2/repository/net/sourceforge/cssparser/cssparser/0.9.5/cssparser-0.9.5.jar:/home/vojtech/.m2/repository/org/w3c/css/sac/1.3/sac-1.3.jar:/home/vojtech/.m2/repository/commons-io/commons-io/1.4/commons-io-1.4.jar:/home/vojtech/.m2/repository/commons-logging/commons-logging/1.1.1/commons-logging-1.1.1.jar:"/>
    <property name="javax.xml.validation.SchemaFactory:http://www.w3.org/2001/XMLSchema" value="__redirected.__SchemaFactory"/>
    <property name="jboss.home" value=""/>
    <property name="java.vm.specification.version" value="1.7"/>
    <property name="sun.arch.data.model" value="64"/>
    <property name="java.home" value="/usr/lib/jvm/java-7-openjdk-amd64/jre"/>
    <property name="sun.java.command" value="/data/fi/dp/self-monitor/code/wildfly-self-monitor2/wildfly-self-monitor/selfmonitor/target/surefire/surefirebooter5996927332657075703.jar /data/fi/dp/self-monitor/code/wildfly-self-monitor2/wildfly-self-monitor/selfmonitor/target/surefire/surefire4152266356259948706tmp /data/fi/dp/self-monitor/code/wildfly-self-monitor2/wildfly-self-monitor/selfmonitor/target/surefire/surefire7932891833010363517tmp"/>
    <property name="java.specification.vendor" value="Oracle Corporation"/>
    <property name="user.language" value="en"/>
    <property name="awt.toolkit" value="sun.awt.X11.XToolkit"/>
    <property name="java.vm.info" value="mixed mode"/>
    <property name="java.version" value="1.7.0_65"/>
    <property name="java.ext.dirs" value="/usr/lib/jvm/java-7-openjdk-amd64/jre/lib/ext:/usr/java/packages/lib/ext"/>
    <property name="sun.boot.class.path" value="/usr/lib/jvm/java-7-openjdk-amd64/jre/lib/resources.jar:/usr/lib/jvm/java-7-openjdk-amd64/jre/lib/rt.jar:/usr/lib/jvm/java-7-openjdk-amd64/jre/lib/sunrsasign.jar:/usr/lib/jvm/java-7-openjdk-amd64/jre/lib/jsse.jar:/usr/lib/jvm/java-7-openjdk-amd64/jre/lib/jce.jar:/usr/lib/jvm/java-7-openjdk-amd64/jre/lib/charsets.jar:/usr/lib/jvm/java-7-openjdk-amd64/jre/lib/rhino.jar:/usr/lib/jvm/java-7-openjdk-amd64/jre/lib/jfr.jar:/usr/lib/jvm/java-7-openjdk-amd64/jre/classes"/>
    <property name="java.vendor" value="Oracle Corporation"/>
    <property name="javax.xml.parsers.DocumentBuilderFactory" value="__redirected.__DocumentBuilderFactory"/>
    <property name="localRepository" value="/home/vojtech/.m2/repository"/>
    <property name="file.separator" value="/"/>
    <property name="java.vendor.url.bug" value="http://bugreport.sun.com/bugreport/"/>
    <property name="sun.cpu.endian" value="little"/>
    <property name="sun.io.unicode.encoding" value="UnicodeLittle"/>
    <property name="sun.desktop" value="gnome"/>
    <property name="sun.cpu.isalist" value=""/>
  </properties>
  <testcase time="1.382" classname="org.jboss.as.selfmonitor.SubsystemBaseParsingTestCase" name="testSubsystem"/>
</testsuite>